SF:lib\providers\fitness_provider.dart
DA:30,30
DA:31,30
DA:32,30
DA:33,30
DA:41,5
DA:42,10
DA:43,5
DA:44,10
DA:45,5
DA:48,2
DA:49,4
DA:50,2
DA:51,4
DA:52,2
DA:55,1
DA:56,2
DA:57,1
DA:58,2
DA:59,1
DA:62,1
DA:63,2
DA:64,1
DA:65,2
DA:66,1
DA:71,18
DA:74,18
DA:77,16
DA:78,2
DA:81,24
DA:84,24
DA:87,8
DA:89,2
DA:90,2
DA:91,2
DA:92,2
DA:93,2
DA:96,3
DA:97,12
DA:98,3
DA:99,6
DA:100,3
DA:130,14
DA:131,30
DA:132,10
DA:133,18
DA:139,18
DA:141,6
DA:142,6
DA:143,12
DA:145,11
DA:146,10
DA:147,10
DA:148,10
DA:149,36
DA:150,5
DA:155,11
DA:159,4
DA:160,30
DA:161,15
DA:162,52
DA:163,4
DA:164,15
DA:165,42
DA:166,6
DA:169,9
DA:170,45
DA:173,7
DA:174,35
DA:177,7
DA:178,35
DA:181,0
DA:183,15
DA:184,69
DA:185,15
DA:186,69
DA:189,45
DA:192,45
DA:195,60
DA:198,60
DA:202,1
DA:203,2
DA:204,3
DA:205,2
DA:209,1
DA:210,2
DA:211,3
DA:212,2
DA:217,3
DA:218,3
DA:219,3
DA:220,6
DA:221,6
DA:223,24
DA:225,3
DA:226,3
DA:228,6
DA:229,6
DA:230,0
DA:231,0
DA:232,3
DA:234,3
DA:236,12
DA:237,6
DA:242,3
DA:243,18
DA:244,2
DA:245,12
DA:246,2
DA:247,8
DA:251,15
DA:255,21
DA:266,5
DA:267,5
DA:268,11
DA:269,13
DA:270,6
DA:274,10
DA:277,15
DA:278,54
DA:280,15
DA:281,53
DA:283,11
DA:284,11
DA:285,16
DA:286,16
DA:287,16
DA:290,10
DA:291,10
DA:293,8
DA:294,8
DA:295,7
DA:299,0
DA:300,0
DA:302,0
DA:303,0
DA:304,0
DA:309,14
DA:310,25
DA:311,11
DA:312,14
DA:313,12
DA:315,109
DA:319,12
DA:320,12
DA:322,12
DA:323,12
DA:324,12
DA:325,12
DA:327,12
DA:349,12
DA:350,12
DA:352,1
DA:353,2
DA:354,6
DA:355,1
DA:357,2
DA:358,1
DA:359,2
DA:360,1
DA:361,1
DA:367,36
DA:370,14
DA:374,12
DA:375,12
DA:377,24
DA:391,3
DA:392,3
DA:394,6
DA:401,2
DA:402,2
DA:403,2
DA:404,6
DA:406,2
DA:408,6
DA:415,2
DA:416,2
DA:418,6
DA:423,1
DA:424,1
DA:425,1
DA:426,1
DA:428,5
DA:429,4
DA:430,4
DA:435,15
DA:436,15
DA:438,24
DA:448,15
DA:449,15
DA:450,12
DA:453,12
DA:454,6
DA:455,9
DA:459,12
DA:460,12
DA:461,12
DA:462,24
DA:463,12
DA:464,24
DA:465,12
DA:466,24
DA:479,15
DA:482,12
DA:483,12
DA:484,10
DA:489,114
DA:490,107
DA:495,12
DA:496,12
DA:497,12
DA:499,24
DA:500,24
DA:501,36
DA:505,15
DA:506,15
DA:507,6
DA:508,6
DA:509,6
DA:510,6
DA:513,1
DA:514,1
DA:516,1
DA:517,1
DA:522,15
DA:523,21
DA:524,12
DA:525,12
DA:528,1
DA:529,1
DA:531,1
DA:532,1
DA:537,15
DA:538,25
DA:539,30
DA:540,20
DA:541,50
DA:544,1
DA:545,1
DA:547,1
DA:548,1
DA:549,1
DA:550,1
DA:554,1
DA:555,2
DA:556,1
DA:559,3
DA:560,6
DA:561,3
DA:565,15
DA:566,45
DA:567,6
DA:568,6
DA:569,12
DA:570,9
DA:571,9
DA:574,9
DA:577,10
DA:580,10
DA:583,3
DA:586,2
DA:597,15
DA:598,25
DA:599,10
DA:600,20
DA:603,15
DA:604,25
DA:605,10
DA:606,10
DA:607,10
DA:612,1
DA:613,2
DA:614,1
DA:615,1
DA:619,1
DA:620,1
DA:622,2
DA:624,2
DA:628,2
DA:632,1
DA:634,2
DA:640,1
DA:644,15
DA:645,30
DA:648,15
DA:649,15
DA:650,0
DA:652,27
DA:655,14
DA:657,15
DA:658,45
DA:659,15
DA:660,51
DA:661,15
DA:662,27
DA:665,15
DA:666,45
DA:667,15
DA:668,33
DA:669,15
DA:670,23
DA:673,3
DA:674,3
DA:675,6
DA:676,0
DA:680,1
DA:681,6
DA:682,1
DA:683,6
DA:684,2
DA:685,12
DA:686,1
DA:687,6
DA:691,11
DA:692,11
DA:693,28
DA:694,24
DA:695,24
DA:696,35
DA:700,7
DA:701,7
DA:702,13
DA:705,3
DA:706,9
DA:707,3
DA:708,6
DA:709,3
DA:710,7
DA:713,15
DA:716,24
DA:717,108
DA:720,15
DA:721,30
DA:722,120
DA:723,15
DA:724,9
DA:725,9
DA:726,15
DA:728,15
DA:738,15
DA:740,15
DA:743,96
DA:744,21
DA:747,17
DA:748,30
DA:750,120
DA:751,30
DA:752,30
DA:753,12
DA:754,1
DA:755,15
DA:756,15
DA:757,2
DA:766,1
DA:768,1
DA:770,1
DA:771,4
DA:773,2
DA:774,2
DA:775,8
DA:776,2
DA:777,3
DA:778,1
DA:818,3
DA:819,3
DA:821,6
DA:822,8
DA:823,6
DA:824,3
DA:827,18
DA:828,9
DA:829,3
DA:830,15
DA:836,5
DA:837,13
DA:841,5
DA:842,5
DA:844,3
DA:845,12
DA:846,6
DA:852,6
DA:853,6
DA:854,4
DA:855,16
DA:859,5
DA:860,25
DA:862,3
DA:863,6
DA:864,3
DA:865,6
DA:866,6
DA:870,3
DA:871,3
DA:872,3
DA:873,12
DA:874,6
DA:878,1
DA:880,1
DA:881,2
DA:882,2
DA:884,8
DA:885,1
DA:886,2
DA:888,2
DA:889,2
DA:890,0
DA:891,0
DA:892,2
DA:895,1
DA:899,1
DA:901,1
DA:902,2
DA:903,2
DA:905,8
DA:906,4
DA:907,3
DA:913,1
DA:915,1
DA:916,2
DA:917,2
DA:919,8
DA:921,1
DA:922,1
DA:924,2
DA:925,2
DA:926,0
DA:927,0
DA:928,1
DA:930,3
DA:937,15
DA:938,120
DA:941,15
DA:942,15
DA:943,135
DA:944,15
DA:946,15
DA:947,30
DA:948,30
DA:949,13
DA:950,1
DA:951,15
DA:955,15
DA:956,15
DA:957,135
DA:958,15
DA:960,15
DA:961,30
DA:962,30
DA:963,12
DA:964,1
DA:965,15
DA:969,15
DA:970,15
DA:971,135
DA:972,15
DA:974,45
DA:979,15
DA:980,30
DA:981,15
DA:982,45
DA:983,1
DA:984,4
DA:986,15
DA:987,15
DA:990,30
DA:991,45
DA:992,15
DA:993,4
DA:994,4
DA:997,19
DA:1002,45
DA:1003,15
DA:1004,60
DA:1005,45
DA:1009,12
DA:1010,12
DA:1011,48
DA:1013,48
DA:1019,15
DA:1020,15
DA:1021,60
DA:1022,36
DA:1023,24
DA:1024,48
DA:1029,15
DA:1030,15
DA:1031,60
DA:1032,36
DA:1033,24
DA:1034,48
DA:1039,15
DA:1040,15
DA:1041,15
DA:1042,60
DA:1043,60
DA:1044,17
DA:1045,10
DA:1046,10
DA:1047,4
DA:1050,15
DA:1051,15
DA:1054,30
DA:1055,30
DA:1056,30
DA:1057,15
DA:1058,15
DA:1059,13
DA:1060,13
DA:1063,28
DA:1067,15
DA:1068,30
DA:1069,9
DA:1070,36
DA:1071,27
DA:1072,18
DA:1073,18
DA:1075,36
DA:1076,18
DA:1080,13
DA:1081,26
DA:1082,13
DA:1083,25
DA:1084,17
DA:1085,28
DA:1086,13
DA:1087,13
DA:1091,1
DA:1092,3
DA:1093,2
DA:1094,2
DA:1095,6
DA:1096,3
DA:1104,1
DA:1105,3
DA:1106,2
DA:1107,4
DA:1108,3
DA:1116,1
DA:1118,2
DA:1119,2
DA:1120,2
DA:1121,2
DA:1122,4
DA:1123,1
DA:1133,1
DA:1134,1
DA:1135,1
DA:1136,1
DA:1137,2
DA:1138,4
DA:1139,3
DA:1140,0
DA:1141,0
DA:1142,0
DA:1151,1
DA:1153,1
DA:1154,2
DA:1155,3
DA:1156,3
DA:1157,4
DA:1158,4
DA:1159,4
DA:1160,3
DA:1167,15
DA:1169,15
DA:1170,30
DA:1171,30
DA:1172,15
DA:1173,15
DA:1174,4
DA:1175,20
DA:1177,19
DA:1181,15
DA:1183,15
DA:1184,30
DA:1185,30
DA:1186,15
DA:1187,15
DA:1188,4
DA:1189,14
DA:1191,19
DA:1195,4
DA:1197,4
DA:1198,8
DA:1199,8
DA:1200,4
DA:1201,4
DA:1202,2
DA:1203,7
DA:1205,6
DA:1209,15
DA:1211,15
DA:1212,19
DA:1213,30
DA:1214,15
DA:1215,15
DA:1216,16
DA:1223,15
DA:1225,15
DA:1226,30
DA:1227,45
DA:1228,30
DA:1230,6
DA:1231,6
DA:1232,3
DA:1233,10
DA:1237,19
DA:1241,15
DA:1242,30
DA:1245,4
DA:1246,4
DA:1247,4
DA:1248,10
DA:1249,10
DA:1250,4
DA:1251,24
DA:1252,12
DA:1253,20
DA:1257,1
DA:1258,3
DA:1261,1
DA:1262,3
DA:1265,1
DA:1266,3
DA:1269,1
DA:1270,2
DA:1271,3
DA:1272,4
DA:1273,4
DA:1274,4
DA:1278,15
DA:1279,15
DA:1280,120
DA:1283,15
DA:1284,15
DA:1285,15
DA:1288,30
DA:1289,30
DA:1290,30
DA:1291,30
DA:1292,30
DA:1293,30
DA:1296,30
DA:1297,30
DA:1298,30
DA:1299,30
DA:1303,45
DA:1304,45
DA:1305,45
DA:1306,45
DA:1307,45
DA:1308,45
DA:1309,45
DA:1310,45
DA:1311,45
DA:1314,30
DA:1315,15
DA:1316,30
DA:1320,45
DA:1322,2
DA:1323,10
DA:1325,0
DA:1328,60
DA:1332,45
DA:1334,3
DA:1336,0
DA:1340,15
DA:1342,2
DA:1343,10
DA:1345,0
DA:1349,15
DA:1351,5
DA:1352,25
DA:1353,22
DA:1355,0
DA:1359,15
DA:1361,2
DA:1362,10
DA:1363,4
DA:1365,0
DA:1369,15
DA:1371,2
DA:1372,10
DA:1373,4
DA:1375,0
DA:1379,30
DA:1380,30
DA:1381,30
DA:1382,30
DA:1383,45
DA:1385,120
DA:1387,30
DA:1390,4
DA:1391,22
DA:1395,30
DA:1396,4
DA:1398,30
DA:1401,2
DA:1402,2
DA:1407,15
DA:1408,30
DA:1412,15
DA:1415,15
DA:1417,15
DA:1418,15
DA:1421,15
DA:1424,15
DA:1427,15
DA:1439,15
DA:1440,30
DA:1442,45
DA:1443,45
DA:1444,15
DA:1445,15
DA:1446,15
DA:1447,30
DA:1449,15
DA:1450,45
DA:1452,15
DA:1456,2
DA:1459,3
DA:1461,15
DA:1462,11
DA:1463,3
DA:1466,15
DA:1467,30
DA:1468,15
DA:1471,1
DA:1474,1
DA:1475,5
DA:1476,4
DA:1477,1
DA:1478,3
DA:1479,1
DA:1482,1
DA:1483,1
DA:1484,1
DA:1487,15
DA:1489,15
DA:1490,15
DA:1491,30
DA:1494,75
DA:1495,45
DA:1496,45
DA:1498,15
DA:1499,15
DA:1503,15
DA:1504,15
DA:1507,15
DA:1508,15
DA:1509,30
DA:1510,15
DA:1511,0
DA:1512,0
DA:1513,0
DA:1514,0
DA:1515,0
DA:1519,15
DA:1522,15
DA:1523,15
DA:1524,30
DA:1525,17
DA:1526,4
DA:1527,2
DA:1528,2
DA:1529,2
DA:1530,2
DA:1534,15
DA:1537,39
DA:1538,15
DA:1540,10
DA:1541,5
DA:1543,15
DA:1545,5
DA:1548,15
DA:1552,1
DA:1553,1
DA:1554,1
DA:1557,15
DA:1560,30
DA:1562,120
DA:1563,45
DA:1564,15
DA:1565,15
DA:1566,15
DA:1567,45
DA:1568,30
DA:1569,15
DA:1570,17
DA:1571,2
DA:1576,13
DA:1577,26
DA:1578,13
DA:1579,13
DA:1580,13
DA:1583,2
DA:1584,10
DA:1585,2
DA:1586,2
DA:1587,2
DA:1590,13
DA:1591,13
DA:1592,13
DA:1593,26
DA:1594,78
DA:1599,6
DA:1600,12
DA:1601,6
DA:1602,6
DA:1603,6
DA:1606,1
DA:1607,4
DA:1608,1
DA:1609,1
DA:1610,1
DA:1613,6
DA:1614,6
DA:1615,24
DA:1619,6
DA:1621,6
DA:1622,12
DA:1624,2
DA:1625,4
DA:1627,2
DA:1628,4
DA:1631,0
DA:1634,6
DA:1635,6
DA:1636,30
DA:1637,6
DA:1638,6
DA:1642,10
DA:1643,20
DA:1644,20
DA:1645,50
DA:1646,10
DA:1648,10
DA:1649,10
DA:1651,60
DA:1653,10
DA:1657,12
DA:1658,12
DA:1659,32
DA:1660,32
DA:1661,32
DA:1662,32
DA:1664,36
DA:1665,12
DA:1670,32
DA:1672,12
DA:1673,60
DA:1675,12
DA:1676,12
DA:1679,1
DA:1680,1
DA:1681,1
DA:1682,2
DA:1683,4
DA:1684,4
DA:1685,4
DA:1686,1
DA:1688,1
DA:1689,3
DA:1690,4
DA:1691,4
DA:1692,4
DA:1693,3
DA:1694,2
DA:1695,2
DA:1696,2
DA:1700,3
DA:1701,1
DA:1703,1
DA:1707,2
DA:1708,1
DA:1709,1
DA:1712,12
DA:1713,12
DA:1714,12
DA:1716,72
DA:1720,6
DA:1721,6
DA:1722,6
DA:1723,6
DA:1724,6
DA:1728,11
DA:1729,11
DA:1730,28
DA:1731,24
DA:1732,24
DA:1733,24
DA:1734,22
DA:1735,46
DA:1736,11
DA:1737,55
DA:1738,11
DA:1739,11
DA:1741,66
DA:1745,30
DA:1746,32
DA:1747,32
DA:1748,43
DA:1749,27
DA:1750,22
DA:1751,11
DA:1755,6
DA:1756,6
DA:1757,6
DA:1758,15
DA:1759,12
DA:1760,12
DA:1761,8
DA:1762,12
DA:1763,20
DA:1764,6
DA:1765,30
DA:1766,6
DA:1767,6
DA:1769,36
DA:1771,6
DA:1789,4
DA:1790,4
DA:1791,4
DA:1792,4
DA:1793,8
DA:1794,4
DA:1795,4
DA:1796,4
DA:1799,4
DA:1800,8
DA:1801,12
DA:1802,4
DA:1803,12
DA:1805,8
DA:1806,0
DA:1807,0
DA:1809,0
DA:1811,4
DA:1814,4
DA:1816,4
DA:1817,4
DA:1818,4
DA:1819,4
DA:1820,4
DA:1821,8
DA:1823,8
DA:1824,4
DA:1825,12
DA:1826,12
DA:1827,12
DA:1828,12
DA:1830,4
DA:1838,15
DA:1839,15
DA:1840,30
DA:1842,12
DA:1844,18
DA:1845,3
DA:1846,12
DA:1847,3
DA:1848,12
DA:1849,12
DA:1850,6
DA:1851,24
DA:1852,9
DA:1853,24
DA:1854,3
DA:1855,3
DA:1856,6
DA:1860,1
DA:1861,1
DA:1863,0
DA:1864,0
DA:1865,0
DA:1866,0
DA:1867,0
DA:1868,0
DA:1871,15
DA:1872,15
DA:1874,3
DA:1877,1
DA:1878,1
DA:1879,1
DA:1880,0
DA:1881,0
DA:1882,0
DA:1883,0
DA:1884,0
DA:1885,0
DA:1886,0
DA:1887,0
DA:1891,15
DA:1892,15
DA:1893,15
DA:1895,3
DA:1896,3
DA:1897,3
DA:1898,12
DA:1899,9
DA:1900,6
DA:1901,3
DA:1902,9
DA:1903,3
DA:1904,6
DA:1905,12
DA:1908,6
DA:1909,12
DA:1910,6
DA:1911,12
DA:1912,6
DA:1915,4
DA:1916,8
DA:1917,4
DA:1918,8
DA:1919,4
DA:1922,1
DA:1923,1
DA:1924,1
DA:1925,2
DA:1926,1
DA:1933,15
DA:1934,18
DA:1936,30
DA:1937,0
DA:1940,0
DA:1941,0
DA:1942,0
DA:1943,0
DA:1944,0
DA:1945,0
DA:1947,0
DA:1953,15
DA:1954,15
DA:1955,30
DA:1956,45
DA:1958,45
DA:1959,30
DA:1960,15
DA:1963,18
DA:1965,45
DA:1966,0
DA:1967,0
DA:1969,0
DA:1970,0
DA:1974,0
DA:1975,0
DA:1976,0
DA:1977,0
DA:1978,0
DA:1980,0
DA:1981,0
DA:1985,0
DA:1987,0
DA:1988,0
DA:1989,0
DA:1990,0
DA:1991,0
DA:1994,0
DA:1996,0
DA:2002,2
DA:2004,4
DA:2005,4
DA:2006,2
DA:2013,15
DA:2015,45
DA:2016,0
DA:2017,0
DA:2018,0
DA:2019,0
DA:2020,0
DA:2022,0
DA:2023,0
DA:2024,0
DA:2025,0
DA:2026,0
DA:2027,0
DA:2028,0
DA:2029,0
DA:2030,0
DA:2031,0
DA:2033,0
DA:2034,0
DA:2035,0
DA:2037,0
DA:2046,0
LF:1084
LH:991
end_of_record
SF:lib\services\on_device_ai_service.dart
DA:55,10
DA:56,4
DA:57,4
DA:58,2
DA:59,15
DA:60,3
DA:61,6
DA:62,4
DA:63,2
DA:64,5
DA:65,4
DA:68,2
DA:69,2
DA:70,2
DA:71,2
DA:72,2
DA:76,0
DA:77,0
DA:78,0
DA:79,0
DA:81,0
DA:82,0
DA:84,0
DA:85,0
DA:86,0
DA:90,0
DA:94,0
DA:95,0
DA:96,0
DA:97,0
DA:100,0
DA:101,0
DA:102,0
DA:105,0
DA:106,0
DA:107,0
DA:109,0
DA:110,0
DA:116,0
DA:117,0
DA:122,0
DA:129,0
DA:130,0
DA:134,0
DA:135,0
DA:137,0
DA:138,0
DA:139,0
DA:142,0
DA:143,0
DA:145,0
DA:146,0
DA:148,0
DA:150,0
DA:155,0
DA:156,0
DA:157,0
DA:159,0
DA:161,0
DA:166,1
DA:167,2
DA:168,1
DA:169,2
DA:170,1
DA:174,0
DA:175,0
DA:177,0
DA:178,0
DA:179,0
DA:180,0
DA:183,0
DA:184,0
DA:189,0
DA:193,0
DA:196,0
DA:197,0
DA:198,0
DA:199,0
DA:200,0
DA:207,0
DA:208,0
DA:209,0
DA:211,0
DA:213,0
DA:217,0
DA:218,0
DA:219,0
DA:222,0
DA:223,0
DA:225,0
DA:226,0
DA:232,0
DA:234,0
DA:237,0
DA:241,0
DA:242,0
DA:244,0
DA:247,0
DA:248,0
DA:249,0
DA:250,0
DA:251,0
DA:253,0
DA:254,0
DA:255,0
DA:259,0
DA:262,0
DA:263,0
DA:264,0
DA:277,0
DA:287,0
DA:291,0
DA:293,0
DA:294,0
DA:295,0
DA:297,0
DA:298,0
DA:301,0
DA:306,0
DA:307,0
DA:308,0
DA:311,0
DA:312,0
DA:313,0
DA:315,0
DA:317,0
DA:319,0
DA:322,0
DA:328,3
DA:329,3
DA:330,3
DA:336,0
DA:337,0
DA:340,0
DA:342,0
DA:343,0
DA:344,0
DA:345,0
DA:346,0
DA:347,0
DA:351,0
DA:355,0
DA:356,0
DA:358,0
DA:359,0
DA:360,0
DA:364,0
DA:371,0
DA:373,0
DA:374,0
DA:375,0
DA:386,0
DA:389,0
DA:398,2
DA:400,2
DA:401,4
DA:404,0
DA:405,0
DA:406,0
DA:407,0
DA:409,0
DA:419,0
DA:424,0
DA:425,0
DA:428,0
DA:434,0
DA:440,0
DA:441,0
DA:448,0
DA:449,0
DA:451,0
DA:452,0
DA:453,0
DA:461,0
DA:466,0
DA:468,0
DA:469,0
DA:470,0
DA:471,0
DA:474,0
DA:476,0
DA:477,0
DA:479,0
DA:480,0
DA:489,0
DA:490,0
DA:493,0
DA:494,0
DA:495,0
DA:499,0
DA:500,0
DA:503,0
DA:509,2
DA:510,2
DA:511,2
DA:512,2
DA:513,2
DA:516,2
DA:518,4
DA:519,2
DA:520,2
DA:522,2
DA:526,3
DA:527,3
DA:530,21
DA:532,3
DA:535,6
DA:536,3
DA:537,9
DA:538,3
DA:539,30
DA:544,6
DA:545,3
DA:546,3
DA:548,6
DA:549,9
DA:550,24
DA:551,3
DA:552,3
DA:553,15
DA:554,15
DA:558,6
DA:560,6
DA:561,15
DA:562,6
DA:563,9
DA:564,3
DA:565,9
DA:568,1
DA:569,3
DA:572,12
DA:576,6
DA:577,9
DA:578,3
DA:579,3
DA:580,6
DA:581,6
DA:582,9
DA:583,6
DA:584,6
DA:585,6
DA:586,12
DA:587,3
DA:588,9
DA:589,3
DA:590,6
DA:595,6
DA:596,1
DA:598,1
DA:599,5
DA:600,5
DA:601,5
DA:602,5
DA:603,5
DA:604,4
DA:609,6
DA:610,3
DA:611,9
DA:612,3
DA:613,9
DA:614,30
DA:615,6
DA:616,6
DA:621,6
DA:622,2
DA:623,2
DA:624,2
DA:625,4
DA:626,6
DA:627,16
DA:628,2
DA:629,2
DA:630,2
DA:631,2
DA:632,6
DA:633,6
DA:634,6
DA:635,2
DA:636,6
DA:638,8
DA:641,3
DA:646,3
DA:647,6
DA:649,12
DA:650,3
DA:652,0
DA:659,6
DA:661,12
DA:662,12
DA:663,12
DA:664,12
DA:665,6
DA:666,6
DA:669,6
DA:670,6
DA:671,6
DA:674,42
DA:676,11
DA:677,6
DA:678,0
DA:679,0
DA:680,6
DA:681,0
DA:682,0
DA:683,6
DA:684,15
DA:685,5
DA:686,16
DA:687,11
DA:688,18
DA:690,6
DA:693,6
DA:694,6
DA:695,5
DA:696,30
DA:698,12
DA:699,6
DA:700,6
DA:701,15
DA:702,7
DA:704,5
DA:708,6
DA:710,6
DA:712,12
DA:713,12
DA:714,48
DA:715,6
DA:716,6
DA:718,25
DA:719,25
DA:720,15
DA:721,5
DA:722,10
DA:723,40
DA:725,10
DA:726,5
DA:728,5
DA:729,40
DA:730,10
DA:732,5
DA:734,6
DA:737,6
DA:738,26
DA:739,12
DA:740,6
DA:741,6
DA:743,10
DA:744,15
DA:745,10
DA:746,14
DA:747,25
DA:748,5
DA:749,25
DA:754,6
DA:755,12
DA:756,6
DA:757,5
DA:758,45
DA:762,12
DA:763,31
DA:764,6
DA:765,21
DA:768,6
DA:769,6
DA:770,6
DA:771,12
DA:772,12
DA:773,48
DA:774,6
DA:775,6
DA:776,6
DA:777,12
DA:778,12
DA:779,12
DA:780,18
DA:782,24
DA:784,6
DA:785,12
DA:790,6
DA:791,30
DA:792,72
DA:793,12
DA:794,12
DA:795,12
DA:799,6
DA:803,0
DA:806,0
DA:807,0
DA:814,0
DA:817,0
DA:818,0
DA:825,0
DA:828,0
DA:830,0
DA:831,0
DA:832,0
DA:839,0
DA:840,0
DA:842,0
DA:845,0
DA:848,0
DA:851,0
DA:854,0
DA:857,0
DA:860,0
DA:863,0
DA:868,0
DA:869,0
DA:875,6
DA:876,6
DA:878,3
DA:880,3
DA:882,2
DA:884,2
DA:886,1
DA:888,1
DA:891,0
DA:892,0
DA:893,0
DA:894,0
DA:897,3
DA:898,3
DA:899,3
DA:903,0
DA:905,0
DA:906,0
DA:907,0
LF:427
LH:226
end_of_record
SF:lib\models\models.dart
DA:28,1
DA:30,4
DA:44,15
DA:54,30
DA:55,15
DA:56,15
DA:57,15
DA:58,15
DA:59,30
DA:60,30
DA:61,15
DA:64,5
DA:65,5
DA:66,15
DA:69,10
DA:71,1
DA:73,5
DA:74,5
DA:75,5
DA:76,15
DA:77,15
DA:78,5
DA:80,5
DA:91,12
DA:93,44
DA:95,8
DA:96,12
DA:97,12
DA:105,12
DA:107,22
DA:108,11
DA:109,55
DA:112,8
DA:113,4
DA:114,5
DA:115,12
DA:116,4
DA:129,12
DA:138,6
DA:140,6
DA:141,6
DA:142,6
DA:146,24
DA:147,12
DA:148,24
DA:149,24
DA:150,12
DA:151,58
DA:152,12
DA:153,12
DA:156,4
DA:157,8
DA:158,12
DA:161,8
DA:163,1
DA:165,4
DA:166,4
DA:168,4
DA:169,4
DA:170,5
DA:171,12
DA:172,4
DA:173,4
DA:174,4
DA:187,13
DA:194,26
DA:195,13
DA:196,26
DA:197,13
DA:198,13
DA:201,6
DA:204,12
DA:206,1
DA:208,6
DA:209,6
DA:211,18
DA:212,6
DA:229,17
DA:240,16
DA:241,8
DA:242,8
DA:243,8
DA:244,8
DA:245,8
DA:246,8
DA:247,16
DA:248,8
DA:251,8
DA:254,16
DA:256,0
DA:258,8
DA:259,8
DA:260,8
DA:261,8
DA:262,8
DA:263,8
DA:264,8
DA:266,8
DA:282,7
DA:292,7
DA:293,14
DA:294,6
DA:296,14
DA:297,14
DA:298,21
DA:299,19
DA:300,21
DA:301,21
DA:302,19
DA:303,17
DA:306,3
DA:309,6
DA:311,0
DA:313,3
DA:314,3
DA:316,7
DA:317,7
DA:318,9
DA:319,9
DA:320,7
DA:332,16
DA:338,16
DA:340,14
DA:341,7
DA:342,7
DA:343,7
DA:346,6
DA:347,3
DA:348,3
DA:349,3
DA:418,3
DA:419,15
DA:422,3
DA:478,3
DA:481,1
DA:482,2
DA:483,3
DA:490,1
DA:492,1
DA:493,1
DA:495,1
DA:496,2
DA:497,2
DA:498,4
DA:515,3
DA:1314,12
DA:1332,24
DA:1333,36
DA:1334,24
DA:1335,24
DA:1336,24
DA:1337,24
DA:1338,24
DA:1339,24
DA:1340,12
DA:1343,3
DA:1346,6
DA:1348,0
DA:1350,3
DA:1351,3
DA:1353,6
DA:1354,6
DA:1355,6
DA:1356,6
DA:1357,6
DA:1358,6
DA:1359,6
DA:1360,6
DA:1361,6
DA:1362,6
DA:1363,6
DA:1364,6
DA:1365,6
LF:173
LH:170
end_of_record
SF:lib\services\smart_insight_engine.dart
DA:33,15
DA:50,21
DA:54,15
DA:55,15
DA:56,15
DA:57,15
DA:58,15
DA:59,15
DA:60,15
DA:61,30
DA:62,30
DA:65,6
DA:66,2
DA:68,3
DA:78,6
DA:79,0
DA:80,0
DA:81,0
DA:82,0
DA:85,0
DA:86,0
DA:93,0
DA:106,3
DA:107,0
DA:109,0
DA:110,0
DA:111,0
DA:119,12
DA:120,3
DA:121,6
DA:123,9
DA:125,3
DA:126,9
DA:128,0
DA:137,15
DA:138,30
DA:139,2
DA:140,2
DA:142,1
DA:143,2
DA:144,2
DA:146,3
DA:158,15
DA:159,30
DA:160,2
DA:161,6
DA:162,8
DA:163,4
DA:165,4
DA:173,8
DA:174,8
DA:175,1
DA:176,2
DA:178,5
DA:179,1
DA:186,8
DA:187,8
DA:188,2
DA:190,5
DA:201,30
DA:202,6
DA:204,6
DA:205,3
DA:206,3
DA:214,30
DA:215,39
DA:216,26
DA:218,52
DA:219,52
DA:220,13
DA:229,30
DA:230,45
DA:231,15
DA:232,30
DA:233,30
DA:236,30
DA:237,30
DA:247,30
DA:248,22
DA:249,8
DA:251,16
DA:252,8
DA:253,12
DA:259,75
DA:260,30
DA:262,30
DA:263,30
DA:272,15
DA:273,15
DA:274,30
DA:275,4
DA:277,4
DA:278,6
DA:284,45
DA:285,90
DA:286,30
DA:288,60
DA:289,15
DA:290,15
DA:299,15
DA:300,30
DA:301,4
DA:303,2
DA:310,30
DA:311,0
DA:313,0
DA:323,32
DA:324,2
DA:326,2
DA:336,15
DA:338,6
DA:339,2
DA:342,1
DA:343,2
DA:344,1
DA:350,6
DA:351,2
DA:354,3
DA:355,2
DA:365,15
DA:366,6
DA:367,2
DA:369,2
DA:377,15
DA:378,6
DA:379,0
DA:382,0
DA:392,15
DA:393,19
DA:394,18
DA:396,18
DA:406,15
DA:407,20
DA:408,2
DA:410,2
DA:417,10
DA:418,2
DA:420,1
DA:430,15
DA:431,11
DA:432,2
DA:444,15
DA:446,24
DA:447,6
DA:449,6
DA:450,12
DA:451,6
DA:457,48
DA:458,0
DA:460,0
DA:461,0
DA:472,15
DA:473,36
DA:474,24
DA:476,24
DA:477,24
DA:486,15
DA:487,0
DA:500,15
DA:501,2
DA:514,15
DA:515,15
DA:516,4
DA:518,2
DA:519,2
DA:526,15
DA:527,2
DA:529,1
DA:530,1
DA:539,15
DA:540,15
DA:541,0
DA:543,0
DA:550,17
DA:551,4
DA:553,2
DA:563,15
DA:565,34
DA:566,6
DA:568,12
DA:569,6
DA:570,6
DA:579,15
DA:580,34
DA:581,6
DA:584,12
DA:594,15
DA:595,15
DA:596,6
DA:597,6
DA:599,6
DA:600,3
DA:601,9
DA:610,34
DA:611,0
DA:614,0
DA:623,30
DA:626,15
DA:627,15
DA:639,15
DA:640,15
DA:641,75
DA:642,15
DA:644,30
DA:645,30
DA:646,45
DA:648,30
DA:649,30
DA:650,30
DA:651,28
DA:658,2
DA:659,4
DA:662,15
DA:663,60
DA:665,15
DA:666,105
LF:216
LH:192
end_of_record
SF:lib\services\notification_center.dart
DA:13,16
DA:14,16
DA:15,16
DA:16,16
DA:18,7
DA:19,21
DA:20,7
DA:21,15
DA:24,0
DA:28,7
DA:29,7
DA:30,7
DA:31,35
DA:36,7
DA:37,7
DA:38,14
DA:39,9
DA:40,9
DA:43,7
DA:46,14
DA:47,28
DA:48,14
DA:50,7
DA:53,1
DA:54,1
DA:55,4
DA:58,2
DA:59,2
DA:60,3
DA:61,1
DA:63,2
DA:66,1
DA:67,1
DA:68,2
DA:69,3
DA:71,1
DA:74,2
DA:75,2
DA:76,2
DA:79,7
DA:80,56
LF:41
LH:40
end_of_record
SF:lib\services\chat_session_service.dart
DA:11,1
DA:17,2
DA:18,1
DA:19,1
DA:20,2
DA:23,1
DA:24,1
DA:25,1
DA:26,1
DA:27,2
DA:38,1
DA:46,2
DA:47,1
DA:48,1
DA:49,2
DA:50,2
DA:51,5
DA:54,3
DA:55,2
DA:56,2
DA:57,2
DA:58,2
DA:59,1
DA:60,3
DA:61,1
DA:72,15
DA:74,15
DA:75,15
DA:76,15
DA:77,2
DA:79,6
DA:80,2
DA:81,5
DA:84,2
DA:88,1
DA:89,1
DA:90,5
DA:91,1
DA:92,1
DA:94,1
DA:97,2
DA:98,2
DA:100,1
DA:105,15
DA:107,15
DA:108,30
DA:109,15
DA:111,15
DA:113,30
DA:114,0
DA:121,1
DA:122,1
DA:123,4
DA:124,1
DA:127,1
DA:128,1
DA:129,1
DA:131,5
DA:136,1
DA:137,1
DA:138,1
DA:139,2
DA:140,2
DA:141,2
LF:64
LH:63
end_of_record
SF:lib\services\chat_intent.dart
DA:14,0
DA:19,0
DA:21,1
DA:22,1
DA:23,2
DA:24,2
DA:25,1
DA:27,3
DA:37,2
DA:52,1
DA:53,1
DA:54,1
DA:55,1
DA:56,1
DA:57,2
DA:58,0
DA:59,0
DA:60,0
DA:65,1
DA:66,5
DA:67,2
DA:68,2
DA:69,2
DA:70,2
DA:71,0
DA:73,1
DA:75,1
DA:79,0
DA:80,0
DA:81,0
DA:82,0
DA:84,1
DA:85,2
DA:86,1
DA:87,2
DA:88,2
DA:89,3
DA:90,3
DA:91,2
DA:92,3
DA:93,3
DA:94,2
DA:95,3
DA:96,3
DA:97,3
DA:101,1
DA:102,1
DA:103,2
DA:106,2
DA:107,2
DA:108,2
DA:109,2
DA:110,2
DA:111,1
DA:112,2
DA:113,1
DA:114,2
DA:115,2
DA:116,2
DA:120,1
DA:121,1
DA:123,1
DA:124,2
DA:126,3
DA:127,1
DA:129,1
DA:130,3
DA:131,2
DA:132,0
DA:133,0
DA:134,0
DA:136,0
DA:139,1
DA:140,1
DA:142,1
DA:143,0
DA:144,0
DA:145,0
DA:146,0
DA:147,0
DA:148,0
DA:150,0
DA:152,1
DA:155,1
DA:156,2
DA:157,1
DA:158,2
DA:159,2
DA:161,1
DA:162,5
DA:163,5
DA:164,4
DA:165,4
DA:166,2
DA:169,1
DA:170,1
DA:175,1
DA:176,1
DA:178,1
DA:179,1
DA:180,2
DA:183,1
DA:184,1
DA:189,2
DA:191,1
DA:194,1
DA:195,1
DA:200,3
DA:203,1
DA:204,1
DA:209,0
DA:210,0
DA:211,0
DA:214,0
DA:215,0
DA:216,0
DA:219,0
DA:220,0
DA:221,0
DA:222,0
DA:223,0
DA:224,0
DA:227,1
DA:228,2
DA:229,2
DA:232,0
DA:233,0
DA:237,1
DA:238,1
DA:239,0
DA:242,0
DA:243,0
DA:244,0
DA:245,0
DA:246,0
DA:247,0
DA:248,0
DA:251,1
DA:252,1
DA:253,1
DA:255,1
DA:256,1
DA:257,0
DA:258,0
DA:263,0
DA:264,0
DA:265,0
LF:147
LH:99
end_of_record
SF:lib\services\food_api_service.dart
DA:13,1
DA:22,4
DA:23,4
DA:24,4
DA:25,4
DA:39,1
DA:40,1
DA:41,3
DA:43,0
DA:45,0
DA:52,0
DA:53,0
DA:54,0
DA:62,0
DA:63,0
DA:65,0
DA:67,0
DA:68,0
DA:69,0
DA:72,0
DA:73,0
DA:75,0
DA:76,0
DA:79,0
DA:81,0
DA:85,0
DA:86,0
DA:87,0
DA:88,0
DA:91,0
DA:93,0
DA:95,0
DA:98,0
DA:99,0
DA:100,0
DA:108,0
DA:110,0
DA:111,0
LF:38
LH:8
end_of_record
SF:lib\main.dart
DA:16,0
DA:17,0
DA:20,0
DA:21,0
DA:22,0
DA:23,0
DA:27,0
DA:28,0
DA:29,0
DA:36,0
DA:37,0
DA:38,0
DA:39,0
DA:43,0
DA:45,0
DA:52,0
DA:53,0
DA:61,0
DA:62,0
DA:64,0
DA:65,0
DA:66,0
DA:67,0
DA:73,0
DA:77,1
DA:79,2
DA:81,2
DA:84,2
DA:127,2
DA:130,2
DA:131,2
DA:134,2
DA:135,2
DA:138,2
DA:139,2
DA:152,2
DA:153,2
DA:154,2
DA:155,2
DA:164,1
DA:166,2
DA:167,2
DA:171,1
DA:172,2
DA:195,2
DA:197,2
DA:198,4
DA:201,2
DA:203,4
DA:204,2
DA:209,0
DA:211,0
DA:212,0
DA:216,2
DA:218,2
DA:219,2
DA:220,2
DA:221,2
DA:223,2
DA:229,2
DA:230,2
DA:231,8
LF:62
LH:35
end_of_record
SF:lib\screens\body_screen.dart
DA:9,1
DA:11,2
DA:13,2
DA:15,2
DA:17,2
LF:5
LH:5
end_of_record
SF:lib\screens\stats_screen.dart
DA:17,1
DA:18,2
DA:19,2
DA:24,2
DA:36,2
DA:38,2
DA:40,8
DA:45,2
DA:46,4
DA:47,4
DA:48,2
DA:50,2
DA:53,2
DA:56,1
DA:57,1
DA:58,2
DA:59,1
DA:60,2
DA:61,1
DA:65,2
DA:66,2
DA:67,2
DA:68,8
DA:69,8
DA:70,8
DA:71,2
DA:72,0
DA:74,4
DA:75,0
DA:77,6
DA:80,2
DA:84,4
DA:86,4
DA:87,4
DA:88,4
DA:89,4
DA:90,4
DA:91,2
DA:94,0
DA:95,0
DA:96,0
DA:97,0
DA:99,0
DA:100,0
DA:101,0
DA:102,0
DA:103,0
DA:104,0
DA:107,0
DA:108,0
DA:112,0
DA:117,0
DA:118,0
DA:119,0
DA:122,0
DA:123,0
DA:124,0
DA:126,0
DA:129,0
DA:130,0
DA:131,0
DA:133,0
DA:136,0
DA:137,0
DA:138,0
DA:140,0
DA:144,0
DA:145,0
DA:146,0
DA:147,0
DA:156,0
DA:160,0
DA:161,0
DA:162,0
DA:163,0
DA:164,0
DA:171,2
DA:173,2
DA:174,2
DA:175,2
DA:176,6
DA:178,2
DA:179,0
DA:180,2
DA:181,2
DA:182,4
DA:183,1
DA:189,2
DA:190,4
DA:191,2
DA:192,4
DA:196,2
DA:197,2
DA:198,2
DA:199,2
DA:204,2
DA:206,2
DA:207,2
DA:212,2
DA:215,2
DA:216,2
DA:221,2
DA:223,2
DA:224,2
DA:229,2
DA:232,2
DA:234,2
DA:235,2
DA:236,2
DA:241,2
DA:245,4
DA:253,2
DA:258,4
DA:259,2
DA:261,2
DA:262,0
DA:263,0
DA:264,2
DA:268,2
DA:270,2
DA:271,2
DA:272,2
DA:275,2
DA:277,4
DA:278,4
DA:279,0
DA:280,4
DA:284,2
DA:286,4
DA:287,4
DA:291,2
DA:293,4
DA:294,4
DA:298,2
DA:300,4
DA:301,0
DA:302,4
DA:303,8
DA:309,4
DA:310,2
DA:312,4
DA:313,0
DA:314,0
DA:319,2
DA:321,4
DA:322,0
DA:323,0
DA:328,2
DA:330,4
DA:331,0
DA:332,0
DA:333,2
DA:334,2
DA:337,2
DA:339,4
DA:340,0
DA:341,0
DA:342,4
DA:350,4
DA:353,2
DA:358,2
DA:362,2
DA:364,0
DA:369,4
DA:371,0
DA:372,0
DA:373,0
DA:374,0
DA:376,0
DA:379,0
DA:380,0
DA:381,0
DA:382,0
DA:383,0
DA:384,0
DA:385,0
DA:386,0
DA:387,0
DA:397,2
DA:398,2
DA:399,2
DA:400,2
DA:401,4
DA:403,2
DA:416,2
DA:419,2
DA:420,2
DA:421,2
DA:424,2
DA:425,2
DA:426,2
DA:434,4
DA:435,1
DA:438,2
DA:439,2
DA:441,0
DA:442,0
DA:446,0
DA:447,0
DA:448,0
DA:454,2
DA:456,0
DA:458,0
DA:459,0
DA:461,0
DA:462,0
DA:463,0
DA:474,0
DA:475,0
DA:476,0
DA:477,0
DA:478,0
DA:479,0
DA:487,0
DA:488,0
DA:489,0
DA:490,0
DA:492,0
DA:493,0
DA:494,0
DA:495,0
DA:497,0
DA:498,0
DA:499,0
DA:500,0
DA:508,0
DA:509,0
DA:511,0
DA:519,0
DA:521,0
DA:522,0
DA:523,0
DA:525,0
DA:526,0
DA:527,0
DA:528,0
DA:536,0
DA:537,0
DA:538,0
DA:540,0
DA:541,0
DA:542,0
DA:544,0
DA:545,0
DA:548,0
DA:550,0
DA:551,0
DA:557,0
DA:560,0
DA:561,0
DA:562,0
DA:563,0
DA:565,0
DA:568,0
DA:574,0
DA:576,0
DA:577,0
DA:579,0
DA:581,0
DA:583,0
DA:597,0
DA:598,0
DA:599,0
DA:600,0
DA:602,0
DA:603,0
DA:604,0
DA:606,0
DA:607,0
DA:608,0
DA:610,0
DA:619,0
DA:620,0
DA:621,0
DA:623,0
DA:624,0
DA:625,0
DA:627,0
DA:628,0
DA:629,0
DA:630,0
DA:638,2
DA:640,0
DA:642,0
DA:643,0
DA:644,0
DA:645,0
DA:646,0
DA:647,0
DA:650,0
DA:651,0
DA:666,0
DA:667,0
DA:668,0
DA:669,0
DA:670,0
DA:671,0
DA:673,0
DA:679,0
DA:681,0
DA:689,0
DA:691,0
DA:699,0
DA:701,0
DA:702,0
DA:703,0
DA:705,0
DA:706,0
DA:707,0
DA:709,0
DA:710,0
DA:714,0
DA:715,0
DA:716,0
DA:717,0
DA:718,0
DA:719,0
DA:737,2
DA:739,0
DA:741,0
DA:742,0
DA:743,0
DA:744,0
DA:745,0
DA:746,0
DA:747,0
DA:748,0
DA:749,0
DA:750,0
DA:755,0
DA:756,0
DA:758,0
DA:760,0
DA:761,0
DA:763,0
DA:764,0
DA:765,0
DA:767,0
DA:768,0
DA:772,0
DA:775,0
DA:780,0
DA:783,0
DA:785,0
DA:786,0
DA:788,0
DA:789,0
DA:791,0
DA:792,0
DA:794,0
DA:796,0
DA:798,0
DA:800,0
DA:801,0
DA:802,0
DA:805,0
DA:807,0
DA:810,0
DA:811,0
DA:812,0
DA:813,0
DA:815,0
DA:816,0
DA:818,0
DA:819,0
DA:820,0
DA:821,0
DA:822,0
DA:838,0
DA:839,0
DA:841,0
DA:844,0
DA:846,0
DA:848,0
DA:849,0
DA:851,0
DA:852,0
DA:864,0
DA:869,0
DA:871,0
DA:873,0
DA:874,0
DA:875,0
DA:877,0
DA:878,0
DA:879,0
DA:880,0
DA:881,0
DA:882,0
DA:885,0
DA:886,0
DA:887,0
DA:897,0
DA:899,0
DA:901,0
DA:903,0
DA:904,0
DA:905,0
DA:906,0
DA:908,0
DA:911,0
DA:912,0
DA:914,0
DA:915,0
DA:917,0
DA:918,0
DA:919,0
DA:920,0
DA:923,0
DA:925,0
DA:926,0
DA:927,0
DA:931,0
DA:932,0
DA:936,0
DA:937,0
DA:938,0
DA:939,0
DA:940,0
DA:941,0
DA:946,0
DA:948,0
DA:949,0
DA:951,0
DA:953,0
DA:957,0
DA:959,0
DA:960,0
DA:961,0
DA:962,0
DA:974,1
DA:976,0
DA:977,0
DA:978,0
DA:979,0
DA:982,0
DA:984,0
DA:985,0
DA:988,0
DA:989,0
DA:993,0
DA:994,0
DA:995,0
DA:996,0
DA:997,0
DA:998,0
DA:1000,0
DA:1001,0
DA:1007,0
DA:1008,0
DA:1012,0
DA:1013,0
DA:1016,0
DA:1018,0
DA:1030,0
DA:1033,0
DA:1035,0
DA:1037,0
DA:1039,0
DA:1040,0
DA:1044,0
DA:1046,0
DA:1047,0
DA:1048,0
DA:1057,0
DA:1058,0
DA:1059,0
DA:1060,0
DA:1062,0
DA:1063,0
DA:1064,0
DA:1065,0
DA:1066,0
DA:1070,0
DA:1072,0
DA:1073,0
DA:1074,0
DA:1075,0
DA:1077,0
DA:1078,0
DA:1098,2
DA:1099,2
DA:1100,2
DA:1102,4
DA:1110,2
DA:1111,2
DA:1112,2
DA:1115,2
DA:1116,2
DA:1118,2
DA:1124,2
DA:1125,0
DA:1127,0
DA:1128,0
DA:1129,0
DA:1130,0
DA:1131,0
DA:1133,0
DA:1136,0
DA:1138,0
DA:1151,2
DA:1158,2
DA:1160,2
DA:1162,2
DA:1163,2
DA:1164,2
DA:1166,2
DA:1167,4
DA:1168,2
DA:1170,6
DA:1173,4
DA:1175,2
DA:1177,2
DA:1178,2
DA:1179,2
DA:1181,2
DA:1182,2
DA:1183,0
DA:1184,0
DA:1186,2
DA:1192,6
DA:1203,2
DA:1204,2
DA:1215,2
DA:1217,2
DA:1218,2
DA:1219,2
DA:1221,4
DA:1230,2
DA:1231,2
DA:1232,2
DA:1233,4
DA:1234,2
DA:1235,2
DA:1247,2
DA:1249,2
DA:1250,2
DA:1251,2
DA:1252,2
DA:1254,2
DA:1255,2
DA:1256,2
DA:1258,4
DA:1259,2
DA:1260,2
DA:1268,2
DA:1269,2
DA:1270,2
DA:1272,2
DA:1273,2
DA:1274,2
DA:1277,4
DA:1289,2
DA:1291,0
DA:1292,0
DA:1294,0
DA:1295,0
DA:1296,0
DA:1298,0
DA:1300,0
DA:1301,0
DA:1308,0
DA:1309,0
DA:1310,0
DA:1311,0
DA:1312,0
DA:1319,1
DA:1320,0
DA:1321,0
DA:1322,0
DA:1323,0
DA:1330,0
DA:1331,0
DA:1332,0
DA:1334,0
DA:1340,0
DA:1342,0
DA:1344,0
DA:1345,0
DA:1346,0
DA:1347,0
DA:1348,0
DA:1349,0
DA:1350,0
DA:1352,0
DA:1353,0
DA:1354,0
DA:1355,0
DA:1358,0
DA:1361,0
DA:1362,0
DA:1363,0
DA:1364,0
DA:1365,0
DA:1366,0
DA:1369,0
DA:1370,0
DA:1371,0
DA:1372,0
DA:1373,0
DA:1374,0
DA:1375,0
DA:1378,0
DA:1379,0
DA:1382,0
DA:1383,0
DA:1384,0
DA:1385,0
DA:1388,0
DA:1395,2
DA:1397,0
DA:1398,0
DA:1400,0
DA:1402,0
DA:1403,0
DA:1404,0
DA:1405,0
DA:1406,0
DA:1407,0
DA:1408,0
DA:1409,0
DA:1410,0
DA:1415,0
DA:1416,0
DA:1417,0
DA:1419,0
DA:1421,0
DA:1423,0
DA:1424,0
DA:1425,0
DA:1439,2
DA:1440,2
DA:1441,2
DA:1451,2
DA:1453,2
DA:1454,8
DA:1457,2
DA:1458,6
DA:1460,6
DA:1463,0
DA:1464,0
DA:1465,0
DA:1466,0
DA:1467,0
DA:1468,0
DA:1471,2
DA:1473,14
DA:1474,2
DA:1476,2
DA:1479,0
DA:1480,0
DA:1481,0
DA:1482,0
DA:1483,0
DA:1484,0
DA:1485,0
DA:1486,0
DA:1487,0
DA:1488,0
DA:1489,0
DA:1491,0
DA:1492,0
DA:1498,0
DA:1499,0
DA:1500,0
DA:1508,2
DA:1510,2
DA:1511,2
DA:1512,6
DA:1514,4
DA:1516,0
DA:1518,0
DA:1519,0
DA:1523,6
DA:1524,4
DA:1525,2
DA:1526,4
DA:1527,2
DA:1528,4
DA:1529,2
DA:1530,4
DA:1531,2
DA:1532,4
DA:1534,4
DA:1536,4
DA:1538,0
DA:1540,0
DA:1543,0
DA:1544,0
DA:1545,0
DA:1546,0
DA:1547,0
DA:1558,0
DA:1560,0
DA:1562,0
DA:1563,0
DA:1564,0
DA:1565,0
DA:1566,0
DA:1569,0
DA:1570,0
DA:1571,0
DA:1572,0
DA:1573,0
DA:1576,0
DA:1577,0
DA:1578,0
DA:1579,0
DA:1581,0
DA:1582,0
DA:1583,0
DA:1586,0
DA:1587,0
DA:1589,0
DA:1590,0
DA:1592,0
DA:1600,0
DA:1606,0
DA:1608,0
DA:1610,0
DA:1611,0
DA:1612,0
DA:1613,0
DA:1615,0
DA:1616,0
DA:1617,0
DA:1618,0
DA:1619,0
DA:1621,0
DA:1622,0
DA:1623,0
DA:1624,0
DA:1626,0
DA:1627,0
DA:1629,0
DA:1632,0
DA:1633,0
DA:1634,0
DA:1635,0
DA:1636,0
DA:1639,0
DA:1641,0
LF:742
LH:225
end_of_record
SF:lib\screens\smart_scale_screen.dart
DA:11,1
DA:12,1
DA:13,1
DA:20,1
DA:23,1
DA:25,1
DA:26,2
DA:29,1
DA:31,2
DA:32,1
DA:35,1
DA:37,1
DA:41,1
DA:42,1
DA:48,1
DA:49,1
DA:53,2
DA:54,2
DA:56,1
DA:60,1
DA:61,1
DA:71,1
DA:72,1
DA:73,1
DA:77,1
DA:95,1
DA:97,1
DA:98,4
DA:101,1
DA:102,1
DA:104,3
DA:105,3
DA:107,0
DA:108,0
DA:109,0
DA:110,0
DA:111,0
DA:112,0
DA:113,0
DA:114,0
DA:115,0
DA:116,0
DA:117,0
DA:118,0
DA:119,0
DA:120,0
DA:124,1
DA:126,5
DA:127,5
DA:128,5
DA:129,1
DA:131,1
DA:134,0
DA:135,0
DA:136,0
DA:138,0
DA:139,0
DA:140,0
DA:142,0
DA:143,0
DA:144,0
DA:145,0
DA:146,0
DA:147,0
DA:148,0
DA:149,0
DA:150,0
DA:151,0
DA:152,0
DA:153,0
DA:155,0
DA:156,0
DA:157,0
DA:158,0
DA:167,1
DA:169,1
DA:170,2
DA:172,0
DA:173,0
DA:178,0
DA:179,0
DA:180,0
DA:183,1
DA:185,1
DA:186,1
DA:187,1
DA:189,1
DA:190,1
DA:194,2
DA:195,2
DA:196,2
DA:197,2
DA:198,2
DA:200,2
DA:201,2
DA:202,2
DA:203,2
DA:204,2
DA:206,2
DA:207,2
DA:208,2
DA:209,2
DA:210,2
DA:211,2
DA:214,1
DA:216,1
DA:217,1
DA:218,1
DA:222,2
DA:235,1
DA:236,1
DA:238,1
DA:240,1
DA:242,2
DA:243,1
DA:245,1
DA:247,1
DA:251,2
DA:259,1
DA:260,1
DA:265,1
DA:268,1
DA:270,2
DA:271,1
DA:273,1
DA:274,1
DA:278,1
DA:279,1
DA:284,1
DA:286,1
DA:294,1
DA:299,1
DA:300,1
DA:301,1
DA:306,0
DA:307,0
DA:310,0
DA:312,0
DA:313,0
DA:324,1
DA:325,1
DA:327,4
DA:328,1
DA:335,0
DA:337,0
DA:338,0
DA:339,0
DA:340,0
DA:343,0
DA:345,0
DA:347,0
DA:348,0
DA:349,0
DA:353,0
DA:358,0
DA:359,0
DA:360,0
DA:361,0
DA:362,0
DA:363,0
DA:364,0
DA:372,0
DA:373,0
DA:375,0
DA:376,0
DA:377,0
DA:378,0
DA:380,0
LF:168
LH:97
end_of_record
SF:lib\widgets\app_empty_state.dart
DA:11,2
DA:19,2
DA:21,2
DA:22,2
DA:24,2
DA:26,2
DA:27,4
DA:29,2
DA:30,2
DA:39,2
DA:40,2
DA:47,3
DA:49,1
LF:13
LH:13
end_of_record
SF:lib\screens\home_screen.dart
DA:24,1
DA:25,2
DA:26,2
DA:33,2
DA:35,2
DA:36,4
DA:37,0
DA:41,2
DA:43,4
DA:44,2
DA:47,0
DA:49,0
DA:50,0
DA:54,2
DA:55,4
DA:56,2
DA:57,2
DA:58,2
DA:59,0
DA:63,2
DA:65,2
DA:66,6
DA:67,6
DA:69,2
DA:71,2
DA:74,0
DA:75,0
DA:77,2
DA:78,2
DA:79,2
DA:86,2
DA:87,2
DA:88,2
DA:91,2
DA:94,2
DA:95,2
DA:98,4
DA:99,2
DA:100,2
DA:101,8
DA:110,4
DA:112,0
DA:120,2
DA:121,4
DA:122,2
DA:124,0
DA:125,0
DA:130,2
DA:131,4
DA:132,2
DA:133,4
DA:138,2
DA:139,0
DA:140,2
DA:143,2
DA:144,2
DA:145,2
DA:146,2
DA:147,2
DA:152,2
DA:153,4
DA:155,4
DA:156,2
DA:158,2
DA:159,2
DA:160,2
DA:178,2
DA:179,2
DA:184,2
DA:188,10
DA:189,2
DA:190,10
DA:191,2
DA:194,2
DA:195,2
DA:196,2
DA:197,2
DA:200,2
DA:201,2
DA:202,2
DA:203,2
DA:204,2
DA:205,2
DA:208,6
DA:211,0
DA:216,6
DA:219,0
DA:224,2
DA:225,2
DA:226,2
DA:227,2
DA:230,2
DA:231,2
DA:232,2
DA:233,2
DA:236,2
DA:237,2
DA:240,6
DA:243,0
DA:248,2
DA:249,2
DA:250,4
DA:251,2
DA:254,2
DA:255,2
DA:256,4
DA:257,2
DA:260,2
DA:261,2
DA:262,2
DA:263,2
DA:266,2
DA:267,0
DA:268,0
DA:269,0
DA:270,0
DA:271,0
DA:274,2
DA:289,0
DA:291,0
DA:293,0
DA:294,0
DA:295,0
DA:296,0
DA:299,0
DA:301,0
DA:302,0
DA:304,0
DA:305,0
DA:311,0
DA:313,0
DA:314,0
DA:324,0
DA:325,0
DA:326,0
DA:331,0
DA:332,0
DA:337,1
DA:338,2
DA:339,4
DA:347,2
DA:348,2
DA:350,2
DA:352,2
DA:353,2
DA:356,2
DA:358,0
DA:361,4
DA:362,2
DA:364,2
DA:367,2
DA:369,2
DA:370,2
DA:372,2
DA:373,8
DA:388,0
DA:389,0
DA:391,0
DA:392,0
DA:394,0
DA:395,0
DA:396,0
DA:397,0
DA:399,0
DA:402,0
DA:413,2
DA:415,0
DA:417,0
DA:419,0
DA:420,0
DA:421,0
DA:423,0
DA:425,0
DA:426,0
DA:427,0
DA:429,0
DA:430,0
DA:431,0
DA:435,0
DA:436,0
DA:437,0
DA:440,0
DA:441,0
DA:444,0
DA:445,0
DA:457,0
DA:459,0
DA:461,0
DA:463,0
DA:464,0
DA:465,0
DA:466,0
DA:468,0
DA:470,0
DA:471,0
DA:474,0
DA:475,0
DA:476,0
DA:477,0
DA:481,0
DA:489,0
DA:491,0
DA:493,0
DA:499,0
DA:500,0
DA:501,0
DA:502,0
DA:505,0
DA:506,0
DA:507,0
DA:508,0
DA:510,0
DA:512,0
DA:514,0
DA:515,0
DA:516,0
DA:517,0
DA:518,0
DA:519,0
DA:520,0
DA:521,0
DA:525,0
DA:526,0
DA:528,0
DA:529,0
DA:530,0
DA:531,0
DA:532,0
DA:536,0
DA:537,0
DA:538,0
DA:540,0
DA:541,0
DA:542,0
DA:543,0
DA:544,0
DA:550,0
DA:556,1
DA:557,0
DA:559,0
DA:560,0
DA:561,0
DA:562,0
DA:563,0
DA:565,0
DA:567,0
DA:568,0
DA:569,0
DA:573,0
DA:575,0
DA:577,0
DA:578,0
DA:580,0
DA:582,0
DA:583,0
DA:584,0
DA:586,0
DA:593,0
DA:595,0
DA:596,0
DA:597,0
DA:598,0
DA:610,0
DA:611,0
DA:613,0
DA:614,0
DA:615,0
DA:616,0
DA:618,0
DA:621,0
DA:628,0
DA:630,0
DA:632,0
DA:633,0
DA:634,0
DA:636,0
DA:637,0
DA:638,0
DA:639,0
DA:640,0
DA:642,0
DA:643,0
DA:644,0
DA:645,0
DA:646,0
DA:648,0
DA:649,0
DA:650,0
DA:651,0
DA:652,0
DA:657,0
DA:659,0
DA:660,0
DA:663,0
DA:664,0
DA:665,0
DA:666,0
DA:667,0
DA:670,0
DA:671,0
DA:672,0
DA:673,0
DA:675,0
DA:676,0
DA:677,0
DA:678,0
DA:679,0
DA:685,0
DA:686,0
DA:687,0
DA:692,0
DA:694,0
DA:699,1
DA:700,0
DA:702,0
DA:703,0
DA:704,0
DA:705,0
DA:707,0
DA:708,0
DA:709,0
DA:710,0
DA:712,0
DA:713,0
DA:715,0
DA:718,0
DA:720,0
DA:721,0
DA:723,0
DA:726,0
DA:728,0
DA:743,0
DA:744,0
DA:746,0
DA:747,0
DA:749,0
DA:750,0
DA:752,0
DA:753,0
DA:754,0
DA:755,0
DA:757,0
DA:767,1
DA:768,0
DA:770,0
DA:771,0
DA:773,0
DA:774,0
DA:776,0
DA:777,0
DA:780,0
DA:781,0
DA:783,0
DA:809,0
DA:810,0
DA:811,0
DA:824,0
DA:825,0
DA:826,0
DA:828,0
DA:829,0
DA:831,0
DA:832,0
DA:835,0
DA:837,0
DA:839,0
DA:841,0
DA:843,0
DA:845,0
DA:860,0
DA:861,0
DA:863,0
DA:865,0
DA:866,0
DA:867,0
DA:868,0
DA:870,0
DA:871,0
DA:873,0
DA:874,0
DA:875,0
DA:884,1
DA:885,0
DA:887,0
DA:888,0
DA:889,0
DA:891,0
DA:892,0
DA:893,0
DA:894,0
DA:895,0
DA:899,0
DA:902,0
DA:903,0
DA:904,0
DA:905,0
DA:916,0
DA:919,0
DA:921,0
DA:922,0
DA:924,0
DA:925,0
DA:926,0
DA:927,0
DA:929,0
DA:932,0
DA:933,0
DA:935,0
DA:936,0
DA:937,0
DA:940,0
DA:951,1
DA:952,0
DA:954,0
DA:955,0
DA:956,0
DA:958,0
DA:961,0
DA:962,0
DA:963,0
DA:967,0
DA:968,0
DA:973,0
DA:976,0
DA:977,0
DA:978,0
DA:980,0
DA:981,0
DA:982,0
DA:983,0
DA:984,0
DA:985,0
DA:997,0
DA:998,0
DA:1000,0
DA:1002,0
DA:1004,0
DA:1006,0
DA:1007,0
DA:1009,0
DA:1010,0
DA:1011,0
DA:1021,0
DA:1023,0
DA:1025,0
DA:1026,0
DA:1027,0
DA:1028,0
DA:1029,0
DA:1030,0
DA:1032,0
DA:1035,0
DA:1037,0
DA:1038,0
DA:1039,0
DA:1042,0
DA:1046,0
DA:1051,0
DA:1053,0
DA:1054,0
DA:1055,0
DA:1056,0
DA:1058,0
DA:1059,0
DA:1060,0
DA:1065,0
DA:1067,0
DA:1068,0
DA:1069,0
DA:1071,0
DA:1077,0
DA:1078,0
DA:1079,0
DA:1080,0
DA:1081,0
DA:1082,0
DA:1083,0
DA:1085,0
DA:1087,0
DA:1089,0
DA:1090,0
DA:1091,0
DA:1093,0
DA:1096,0
DA:1097,0
DA:1111,0
DA:1112,0
DA:1113,0
DA:1114,0
DA:1115,0
DA:1124,0
DA:1128,0
DA:1130,0
DA:1132,0
DA:1133,0
DA:1134,0
DA:1135,0
DA:1137,0
DA:1138,0
DA:1139,0
DA:1141,0
DA:1142,0
DA:1143,0
DA:1145,0
DA:1146,0
DA:1147,0
DA:1148,0
DA:1150,0
DA:1151,0
DA:1152,0
DA:1153,0
DA:1156,0
DA:1157,0
DA:1158,0
DA:1159,0
DA:1160,0
DA:1164,0
DA:1165,0
DA:1166,0
DA:1167,0
DA:1168,0
DA:1169,0
DA:1170,0
DA:1171,0
DA:1172,0
DA:1176,0
DA:1177,0
DA:1178,0
DA:1179,0
DA:1180,0
DA:1181,0
DA:1182,0
DA:1184,0
DA:1185,0
DA:1186,0
DA:1187,0
DA:1188,0
DA:1189,0
DA:1190,0
DA:1191,0
DA:1192,0
DA:1196,0
DA:1203,2
DA:1205,0
DA:1207,0
DA:1208,0
DA:1210,0
DA:1211,0
DA:1212,0
DA:1213,0
DA:1224,0
DA:1225,0
DA:1226,0
DA:1227,0
DA:1228,0
DA:1230,0
DA:1231,0
DA:1233,0
DA:1234,0
DA:1235,0
DA:1238,0
DA:1239,0
DA:1241,0
DA:1242,0
DA:1252,2
DA:1254,0
DA:1256,0
DA:1257,0
DA:1258,0
DA:1260,0
DA:1261,0
DA:1262,0
DA:1263,0
DA:1265,0
DA:1269,0
DA:1271,0
DA:1273,0
DA:1274,0
DA:1275,0
DA:1276,0
DA:1278,0
DA:1279,0
DA:1281,0
DA:1285,0
DA:1294,2
DA:1296,0
DA:1298,0
DA:1301,0
DA:1302,0
DA:1303,0
DA:1304,0
DA:1306,0
DA:1308,0
DA:1309,0
DA:1311,0
DA:1312,0
DA:1313,0
DA:1314,0
DA:1315,0
DA:1316,0
DA:1318,0
DA:1319,0
DA:1320,0
DA:1322,0
DA:1327,0
DA:1339,0
DA:1340,0
DA:1342,0
DA:1344,0
DA:1346,0
DA:1351,0
DA:1352,0
DA:1354,0
DA:1356,0
DA:1358,0
DA:1362,0
DA:1366,0
DA:1367,0
DA:1368,0
DA:1369,0
DA:1371,0
DA:1375,0
DA:1376,0
DA:1377,0
DA:1378,0
DA:1379,0
DA:1380,0
DA:1381,0
DA:1382,0
DA:1397,0
DA:1399,0
DA:1400,0
DA:1402,0
DA:1403,0
DA:1404,0
DA:1405,0
DA:1406,0
DA:1416,2
DA:1418,2
DA:1420,6
DA:1421,2
DA:1422,2
DA:1423,8
DA:1424,4
DA:1425,8
DA:1435,2
DA:1437,2
DA:1439,2
DA:1440,2
DA:1442,2
DA:1443,8
DA:1444,2
DA:1445,2
DA:1446,8
DA:1448,4
DA:1449,2
DA:1451,2
DA:1452,4
DA:1453,2
DA:1455,4
DA:1458,4
DA:1460,2
DA:1461,6
DA:1462,2
DA:1467,4
DA:1480,0
DA:1482,0
DA:1484,0
DA:1485,0
DA:1486,0
DA:1487,0
DA:1489,0
DA:1491,0
DA:1493,0
DA:1496,0
DA:1497,0
DA:1500,0
DA:1501,0
DA:1502,0
DA:1503,0
DA:1504,0
DA:1505,0
DA:1506,0
DA:1512,0
DA:1513,0
DA:1514,0
DA:1517,0
DA:1518,0
DA:1519,0
DA:1520,0
DA:1522,0
DA:1523,0
DA:1524,0
DA:1525,0
DA:1527,0
DA:1538,0
DA:1542,0
DA:1543,0
DA:1544,0
DA:1546,0
DA:1549,0
DA:1553,0
DA:1554,0
DA:1555,0
DA:1556,0
DA:1557,0
DA:1558,0
DA:1564,0
DA:1565,0
DA:1567,0
DA:1569,0
DA:1570,0
DA:1578,0
DA:1579,0
DA:1580,0
DA:1582,0
DA:1584,0
DA:1585,0
DA:1588,0
DA:1589,0
DA:1590,0
DA:1606,0
DA:1608,0
DA:1610,0
DA:1611,0
DA:1612,0
DA:1613,0
DA:1615,0
DA:1616,0
DA:1618,0
DA:1626,0
DA:1627,0
DA:1633,0
DA:1639,0
DA:1641,0
DA:1647,0
DA:1649,0
DA:1650,0
DA:1651,0
DA:1652,0
DA:1655,0
DA:1657,0
DA:1658,0
DA:1659,0
DA:1666,0
DA:1668,0
DA:1669,0
DA:1682,0
DA:1683,0
DA:1686,0
DA:1687,0
DA:1690,0
DA:1694,0
DA:1697,0
DA:1702,0
DA:1703,0
DA:1705,0
DA:1724,0
DA:1732,0
DA:1734,0
DA:1735,0
DA:1736,0
DA:1738,0
DA:1740,0
DA:1741,0
DA:1742,0
DA:1746,0
DA:1747,0
DA:1748,0
DA:1757,1
DA:1759,2
DA:1766,2
DA:1768,2
DA:1770,2
DA:1771,4
DA:1773,4
DA:1785,6
DA:1787,4
DA:1788,2
DA:1790,6
DA:1791,2
DA:1793,2
LF:782
LH:166
end_of_record
SF:lib\screens\nutrition_screen.dart
DA:9,1
DA:11,2
DA:12,2
DA:19,2
DA:21,2
DA:22,4
DA:23,4
DA:24,0
DA:28,2
DA:30,4
DA:31,2
DA:34,2
DA:36,2
DA:38,2
DA:39,2
DA:41,2
DA:43,6
DA:44,2
DA:46,2
DA:49,2
DA:50,2
DA:51,8
DA:52,2
DA:53,6
DA:60,2
DA:61,6
DA:62,2
DA:63,2
DA:69,6
DA:70,0
DA:72,0
DA:75,0
DA:76,0
DA:77,0
DA:78,0
DA:79,0
DA:86,0
DA:87,0
DA:88,0
DA:89,0
DA:95,6
DA:96,0
DA:98,0
DA:101,0
DA:102,0
DA:103,0
DA:104,0
DA:105,0
DA:112,0
DA:114,0
DA:115,0
DA:121,2
DA:122,2
DA:147,6
DA:148,2
DA:149,0
DA:156,2
DA:157,2
LF:58
LH:35
end_of_record
SF:lib\screens\workout_screen.dart
DA:11,0
DA:12,0
DA:13,0
DA:14,0
DA:15,0
DA:16,0
DA:17,0
DA:18,0
DA:23,0
DA:24,0
DA:25,0
DA:28,0
DA:29,0
DA:30,0
DA:32,0
DA:33,0
DA:37,1
DA:38,2
DA:39,2
DA:50,2
DA:52,2
DA:53,4
DA:56,2
DA:58,4
DA:59,2
DA:63,2
DA:64,4
DA:67,2
DA:68,2
DA:69,2
DA:70,0
DA:71,0
DA:72,0
DA:77,0
DA:78,0
DA:79,0
DA:81,0
DA:82,0
DA:83,0
DA:85,0
DA:88,0
DA:89,0
DA:92,0
DA:93,0
DA:94,0
DA:95,0
DA:96,0
DA:98,0
DA:99,0
DA:100,0
DA:101,0
DA:104,0
DA:105,0
DA:106,0
DA:108,0
DA:110,0
DA:112,0
DA:114,0
DA:117,0
DA:118,0
DA:119,0
DA:121,0
DA:123,0
DA:126,0
DA:131,0
DA:132,0
DA:134,0
DA:136,0
DA:138,0
DA:140,0
DA:144,0
DA:145,0
DA:146,0
DA:149,0
DA:150,0
DA:153,0
DA:155,0
DA:156,0
DA:157,0
DA:158,0
DA:159,0
DA:161,0
DA:162,0
DA:163,0
DA:164,0
DA:165,0
DA:167,0
DA:170,0
DA:173,0
DA:174,0
DA:175,0
DA:176,0
DA:177,0
DA:178,0
DA:191,0
DA:193,0
DA:200,0
DA:208,0
DA:209,0
DA:210,0
DA:213,0
DA:214,0
DA:215,0
DA:216,0
DA:221,0
DA:223,0
DA:224,0
DA:225,0
DA:226,0
DA:227,0
DA:228,0
DA:230,0
DA:231,0
DA:232,0
DA:233,0
DA:234,0
DA:235,0
DA:238,0
DA:239,0
DA:240,0
DA:241,0
DA:242,0
DA:243,0
DA:247,0
DA:251,2
DA:253,2
DA:254,4
DA:256,2
DA:257,2
DA:259,2
DA:260,4
DA:261,0
DA:262,0
DA:269,2
DA:270,2
DA:272,4
DA:273,0
DA:274,0
DA:279,4
DA:280,0
DA:281,0
DA:283,0
DA:284,0
DA:288,0
DA:290,0
DA:291,0
DA:292,0
DA:294,0
DA:302,0
DA:303,0
DA:304,0
DA:305,0
DA:306,0
DA:307,0
DA:310,0
DA:313,0
DA:314,0
DA:316,0
DA:317,0
DA:321,0
DA:323,0
DA:333,2
DA:334,2
DA:342,2
DA:343,2
DA:345,2
DA:346,2
DA:347,0
DA:348,0
DA:349,0
DA:351,2
DA:354,4
DA:355,0
DA:357,0
DA:358,0
DA:359,0
DA:370,2
DA:371,2
DA:373,2
DA:376,2
DA:377,2
DA:378,2
DA:379,2
DA:380,4
DA:381,2
DA:382,2
DA:384,2
DA:385,2
DA:390,0
DA:391,0
DA:393,0
DA:394,0
DA:398,2
DA:401,4
DA:410,2
DA:412,2
DA:413,2
DA:414,4
DA:415,0
DA:416,0
DA:417,0
DA:418,2
DA:419,0
DA:420,2
DA:421,2
DA:422,2
DA:423,2
DA:424,2
DA:425,4
DA:426,2
DA:427,0
DA:428,2
DA:429,2
DA:431,2
DA:433,0
DA:435,2
DA:436,2
DA:438,0
DA:442,2
DA:444,2
DA:445,4
DA:448,2
DA:453,2
DA:459,0
DA:468,2
DA:490,0
DA:492,0
DA:494,0
DA:495,0
DA:497,0
DA:500,0
DA:502,0
DA:503,0
DA:505,0
DA:507,0
DA:509,0
DA:512,0
DA:513,0
DA:517,0
DA:518,0
DA:520,0
DA:521,0
DA:527,0
DA:529,0
DA:530,0
DA:533,0
DA:534,0
DA:535,0
DA:551,0
DA:554,0
DA:556,0
DA:557,0
DA:560,0
DA:562,0
DA:564,0
DA:565,0
DA:566,0
DA:568,0
DA:569,0
DA:572,0
DA:573,0
DA:579,0
DA:580,0
DA:584,0
DA:585,0
LF:265
LH:70
end_of_record
SF:lib\screens\history_screen.dart
DA:9,1
DA:10,2
DA:11,2
DA:18,2
DA:20,2
DA:21,4
DA:24,2
DA:26,4
DA:27,2
DA:30,2
DA:32,2
DA:33,2
DA:35,2
DA:36,2
DA:38,2
DA:39,2
DA:40,2
DA:49,2
DA:50,2
DA:65,1
DA:66,2
DA:67,2
DA:73,0
DA:74,0
DA:76,0
DA:77,0
DA:78,0
DA:79,0
DA:80,0
DA:81,0
DA:82,0
DA:85,0
DA:88,2
DA:90,2
DA:91,2
DA:92,2
DA:101,0
DA:102,0
DA:103,0
DA:104,0
DA:106,0
DA:108,0
DA:110,0
DA:111,0
DA:112,0
DA:113,0
DA:114,0
DA:115,0
DA:116,0
DA:117,0
DA:119,0
DA:121,0
DA:123,0
DA:125,0
DA:126,0
DA:128,0
DA:129,0
DA:130,0
DA:131,0
DA:133,0
DA:135,0
DA:136,0
DA:137,0
DA:139,0
DA:140,0
DA:141,0
DA:147,0
DA:148,0
DA:150,0
DA:151,0
DA:155,0
DA:156,0
DA:157,0
DA:164,0
DA:166,0
DA:167,0
DA:173,0
DA:186,0
DA:188,0
DA:189,0
DA:190,0
DA:191,0
DA:192,0
DA:195,0
DA:196,0
DA:197,0
DA:213,0
DA:215,0
DA:217,0
DA:219,0
DA:221,0
DA:222,0
DA:223,0
DA:224,0
DA:225,0
DA:226,0
DA:230,0
DA:237,0
DA:239,0
DA:241,0
DA:247,0
DA:248,0
DA:251,0
DA:252,0
DA:253,0
DA:254,0
DA:255,0
DA:270,1
DA:271,0
DA:273,0
DA:274,0
DA:275,0
DA:276,0
DA:277,0
DA:284,0
DA:286,0
DA:287,0
DA:288,0
DA:289,0
DA:290,0
DA:291,0
DA:292,0
DA:293,0
DA:294,0
DA:295,0
DA:296,0
DA:299,0
DA:300,0
DA:301,0
DA:302,0
DA:303,0
DA:304,0
DA:305,0
DA:309,0
DA:310,0
DA:312,0
DA:325,1
DA:327,0
DA:330,0
DA:333,0
DA:335,0
DA:336,0
DA:337,0
DA:348,0
DA:349,0
DA:350,0
DA:352,0
DA:353,0
DA:354,0
DA:355,0
DA:356,0
DA:357,0
DA:359,0
DA:360,0
DA:362,0
DA:364,0
DA:366,0
DA:368,0
DA:369,0
DA:370,0
DA:372,0
DA:376,0
DA:378,0
DA:382,0
DA:384,0
DA:392,0
DA:394,0
DA:396,0
DA:399,0
DA:400,0
DA:403,0
DA:406,0
DA:407,0
DA:412,0
DA:413,0
DA:414,0
DA:417,0
DA:418,0
DA:419,0
DA:425,0
DA:426,0
DA:429,0
DA:430,0
DA:431,0
DA:432,0
DA:435,0
DA:437,0
DA:438,0
DA:451,0
DA:452,0
DA:454,0
DA:455,0
DA:456,0
DA:457,0
DA:458,0
DA:460,0
DA:463,0
DA:466,0
DA:472,0
DA:474,0
DA:475,0
DA:482,0
DA:484,0
DA:485,0
DA:486,0
DA:487,0
DA:499,0
DA:501,0
DA:502,0
DA:503,0
DA:512,0
DA:515,0
DA:517,0
DA:519,0
DA:520,0
DA:521,0
DA:524,0
DA:542,0
DA:544,0
DA:546,0
DA:547,0
DA:549,0
DA:550,0
DA:551,0
DA:552,0
DA:554,0
DA:556,0
DA:557,0
DA:558,0
DA:560,0
DA:561,0
DA:562,0
DA:573,1
DA:574,0
DA:576,0
DA:577,0
DA:578,0
DA:579,0
DA:586,0
DA:588,0
DA:589,0
DA:590,0
DA:591,0
DA:592,0
DA:593,0
DA:594,0
DA:597,0
DA:598,0
DA:599,0
DA:600,0
DA:601,0
DA:603,0
DA:604,0
DA:605,0
DA:610,0
DA:611,0
DA:612,0
DA:615,0
DA:616,0
LF:259
LH:29
end_of_record
SF:lib\screens\onboarding_screen.dart
DA:14,1
DA:16,2
DA:17,2
DA:25,2
DA:27,4
DA:28,4
DA:29,2
DA:32,1
DA:33,2
DA:38,3
DA:41,0
DA:42,0
DA:43,0
DA:44,0
DA:45,0
DA:47,0
DA:48,0
DA:49,0
DA:50,0
DA:54,2
DA:56,2
DA:58,2
DA:59,2
DA:60,2
DA:62,2
DA:63,2
DA:64,2
DA:66,4
DA:67,2
DA:68,4
DA:69,4
DA:75,2
DA:77,2
DA:79,2
DA:81,2
DA:83,4
DA:84,4
DA:85,2
DA:90,2
DA:91,2
DA:92,2
DA:100,4
DA:101,2
DA:104,2
DA:105,1
DA:106,1
DA:108,2
DA:111,2
DA:112,2
DA:138,2
DA:140,2
DA:142,2
DA:144,2
DA:147,2
DA:174,2
DA:176,2
DA:178,2
DA:179,4
DA:181,2
DA:183,2
DA:193,2
DA:194,2
DA:198,2
DA:203,2
DA:204,2
DA:207,2
DA:208,2
DA:234,2
DA:236,1
DA:238,1
DA:240,1
DA:243,1
DA:245,1
DA:247,1
DA:248,1
DA:249,1
DA:250,2
DA:275,1
DA:277,1
DA:279,1
DA:301,1
DA:304,1
DA:305,0
DA:306,0
DA:307,0
DA:309,1
DA:312,1
DA:313,1
DA:327,1
DA:330,1
DA:331,1
DA:332,1
DA:334,1
DA:335,1
DA:352,1
DA:354,1
DA:356,1
DA:358,1
DA:359,2
DA:361,1
DA:362,1
DA:363,1
LF:102
LH:90
end_of_record
SF:lib\screens\chat_screen.dart
DA:18,0
DA:19,0
DA:21,0
DA:30,0
DA:31,0
DA:32,0
DA:44,0
DA:46,0
DA:48,0
DA:49,0
DA:51,0
DA:52,0
DA:55,0
DA:56,0
DA:58,0
DA:59,0
DA:60,0
DA:66,0
DA:67,0
DA:68,0
DA:69,0
DA:70,0
DA:71,0
DA:72,0
DA:73,0
DA:74,0
DA:75,0
DA:80,0
DA:82,0
DA:83,0
DA:84,0
DA:85,0
DA:90,0
DA:91,0
DA:92,0
DA:93,0
DA:94,0
DA:95,0
DA:96,0
DA:101,0
DA:102,0
DA:103,0
DA:105,0
DA:106,0
DA:107,0
DA:110,0
DA:111,0
DA:114,0
DA:115,0
DA:116,0
DA:117,0
DA:118,0
DA:123,0
DA:124,0
DA:127,0
DA:128,0
DA:130,0
DA:131,0
DA:132,0
DA:133,0
DA:136,0
DA:138,0
DA:139,0
DA:141,0
DA:142,0
DA:149,0
DA:150,0
DA:151,0
DA:152,0
DA:153,0
DA:154,0
DA:163,0
DA:165,0
DA:167,0
DA:169,0
DA:170,0
DA:171,0
DA:176,0
DA:177,0
DA:179,0
DA:182,0
DA:183,0
DA:187,0
DA:189,0
DA:190,0
DA:193,0
DA:194,0
DA:195,0
DA:196,0
DA:197,0
DA:198,0
DA:200,0
DA:201,0
DA:202,0
DA:207,0
DA:208,0
DA:211,0
DA:212,0
DA:214,0
DA:221,0
DA:222,0
DA:223,0
DA:227,0
DA:228,0
DA:235,0
DA:236,0
DA:237,0
DA:243,0
DA:244,0
DA:245,0
DA:246,0
DA:247,0
DA:248,0
DA:249,0
DA:250,0
DA:251,0
DA:252,0
DA:253,0
DA:255,0
DA:267,0
DA:269,0
DA:271,0
DA:273,0
DA:291,0
DA:293,0
DA:294,0
DA:297,0
DA:301,0
DA:302,0
DA:315,0
DA:317,0
DA:319,0
DA:320,0
DA:322,0
DA:323,0
DA:325,0
DA:332,0
DA:335,0
DA:336,0
DA:337,0
DA:338,0
DA:356,0
DA:375,0
DA:377,0
DA:378,0
DA:379,0
DA:381,0
DA:388,0
DA:390,0
DA:392,0
DA:394,0
DA:399,0
DA:400,0
DA:401,0
DA:404,0
DA:405,0
DA:424,0
DA:433,0
DA:435,0
DA:438,0
DA:439,0
DA:451,0
DA:452,0
DA:453,0
DA:454,0
DA:455,0
DA:457,0
DA:458,0
DA:460,0
DA:461,0
DA:462,0
DA:463,0
DA:469,0
DA:478,0
DA:489,0
DA:491,0
DA:493,0
DA:505,0
DA:509,0
DA:510,0
DA:511,0
DA:514,0
DA:516,0
DA:517,0
DA:518,0
DA:520,0
DA:521,0
DA:524,0
DA:525,0
DA:533,0
DA:544,0
DA:546,0
DA:548,0
DA:549,0
DA:551,0
DA:553,0
DA:557,0
DA:558,0
DA:559,0
DA:561,0
DA:562,0
DA:571,0
DA:572,0
DA:574,0
DA:576,0
DA:578,0
DA:579,0
DA:580,0
DA:584,0
DA:586,0
DA:587,0
DA:592,0
DA:593,0
DA:599,0
DA:609,1
DA:610,0
DA:623,1
DA:624,0
DA:625,0
DA:633,0
DA:635,0
DA:636,0
DA:638,0
DA:639,0
DA:642,0
DA:644,0
DA:645,0
DA:648,0
DA:649,0
DA:650,0
DA:651,0
DA:652,0
DA:653,0
DA:654,0
DA:655,0
DA:661,0
DA:662,0
DA:663,0
DA:669,0
DA:670,0
DA:671,0
DA:672,0
DA:673,0
DA:687,0
DA:690,0
DA:692,0
DA:693,0
DA:695,0
DA:697,0
DA:699,0
DA:701,0
DA:702,0
DA:703,0
DA:704,0
DA:705,0
DA:710,0
DA:711,0
DA:718,0
DA:722,0
DA:725,0
DA:726,0
DA:731,0
DA:733,0
DA:742,0
DA:743,0
DA:745,0
DA:749,0
DA:750,0
DA:765,0
DA:766,0
DA:772,0
DA:774,0
DA:776,0
DA:777,0
DA:778,0
DA:779,0
DA:780,0
DA:781,0
DA:783,0
DA:785,0
DA:786,0
DA:787,0
DA:788,0
DA:790,0
DA:791,0
DA:799,0
DA:801,0
DA:808,0
DA:814,0
DA:816,0
DA:817,0
DA:826,0
DA:828,0
DA:829,0
DA:832,0
DA:833,0
DA:834,0
DA:836,0
DA:839,0
DA:840,0
DA:841,0
DA:842,0
DA:843,0
DA:844,0
DA:847,0
DA:848,0
DA:849,0
DA:850,0
DA:855,0
DA:856,0
DA:857,0
DA:858,0
DA:859,0
DA:860,0
DA:861,0
DA:862,0
DA:863,0
DA:865,0
DA:868,0
DA:870,0
DA:871,0
DA:872,0
DA:874,0
DA:879,0
DA:881,0
DA:884,0
DA:885,0
DA:886,0
DA:909,0
DA:911,0
DA:912,0
DA:913,0
DA:914,0
DA:918,0
DA:922,0
DA:923,0
DA:924,0
DA:930,0
DA:934,0
DA:935,0
DA:936,0
DA:939,0
DA:940,0
DA:944,0
DA:955,0
DA:956,0
DA:960,0
DA:961,0
DA:962,0
DA:964,0
DA:966,0
DA:969,0
DA:978,0
DA:979,0
DA:980,0
DA:982,0
DA:991,0
DA:994,0
DA:995,0
DA:1000,0
DA:1003,0
DA:1004,0
DA:1006,0
DA:1007,0
DA:1008,0
DA:1011,0
DA:1016,0
DA:1017,0
DA:1018,0
DA:1019,0
DA:1020,0
DA:1024,0
DA:1025,0
DA:1026,0
DA:1028,0
DA:1030,0
DA:1032,0
LF:377
LH:2
end_of_record
SF:lib\screens\chat_sessions_screen.dart
DA:16,1
DA:17,0
DA:18,0
DA:25,0
DA:27,0
DA:28,0
DA:31,0
DA:32,0
DA:33,0
DA:36,0
DA:37,0
DA:38,0
DA:39,0
DA:41,0
DA:46,0
DA:48,0
DA:52,0
DA:53,0
DA:54,0
DA:55,0
DA:57,0
DA:60,0
DA:63,0
DA:64,0
DA:65,0
DA:70,0
DA:71,0
DA:75,0
DA:80,0
DA:82,0
DA:84,0
DA:86,0
DA:90,0
DA:92,0
DA:94,0
DA:98,0
DA:100,0
DA:101,0
DA:103,0
DA:104,0
DA:106,0
DA:108,0
DA:109,0
DA:113,0
DA:117,0
DA:118,0
DA:126,0
DA:127,0
DA:128,0
DA:132,0
DA:133,0
DA:140,0
DA:141,0
DA:143,0
DA:144,0
DA:145,0
DA:151,0
DA:153,0
DA:154,0
DA:155,0
DA:156,0
DA:157,0
DA:158,0
DA:160,0
DA:177,0
DA:179,0
DA:180,0
DA:181,0
DA:182,0
DA:183,0
DA:184,0
DA:185,0
DA:186,0
DA:189,0
DA:191,0
DA:193,0
DA:196,0
DA:197,0
DA:199,0
DA:205,0
DA:206,0
DA:207,0
DA:208,0
DA:211,0
DA:213,0
DA:215,0
DA:218,0
DA:220,0
DA:221,0
DA:222,0
DA:223,0
DA:228,0
DA:232,0
DA:236,0
DA:253,0
DA:255,0
DA:257,0
DA:258,0
DA:260,0
DA:261,0
DA:263,0
DA:264,0
DA:265,0
DA:267,0
DA:270,0
DA:272,0
DA:273,0
DA:274,0
DA:275,0
DA:276,0
DA:279,0
DA:280,0
DA:282,0
DA:285,0
DA:286,0
DA:289,0
DA:294,0
DA:295,0
DA:296,0
DA:297,0
DA:298,0
DA:303,0
DA:305,0
DA:306,0
DA:307,0
DA:308,0
DA:324,0
DA:326,0
DA:328,0
DA:329,0
DA:330,0
DA:331,0
DA:332,0
DA:333,0
DA:335,0
DA:337,0
DA:338,0
DA:339,0
DA:341,0
DA:342,0
LF:140
LH:1
end_of_record
SF:lib\screens\food_screen.dart
DA:10,0
DA:11,0
DA:18,0
DA:24,1
DA:26,2
DA:27,4
DA:28,0
DA:30,0
DA:31,0
DA:32,0
DA:33,0
DA:34,0
DA:39,2
DA:41,2
DA:44,4
DA:46,0
DA:47,0
DA:49,0
DA:50,0
DA:52,0
DA:55,0
DA:56,0
DA:57,0
DA:58,0
DA:59,0
DA:66,0
DA:67,0
DA:68,0
DA:69,0
DA:76,0
DA:77,0
DA:82,0
DA:90,1
DA:92,0
DA:93,0
DA:94,0
DA:95,0
DA:96,0
DA:97,0
DA:98,0
DA:104,0
DA:105,0
DA:106,0
DA:107,0
DA:108,0
DA:109,0
DA:112,0
DA:113,0
DA:114,0
DA:121,2
DA:123,2
DA:124,4
DA:125,16
DA:126,8
DA:128,2
DA:132,0
DA:133,0
DA:136,0
DA:139,0
DA:153,0
DA:155,0
DA:157,0
DA:159,0
DA:160,0
DA:162,0
DA:163,0
DA:164,0
DA:166,0
DA:167,0
DA:168,0
DA:169,0
DA:174,0
DA:175,0
DA:177,0
DA:178,0
DA:181,0
DA:182,0
DA:184,0
DA:186,0
DA:187,0
DA:188,0
DA:194,0
DA:196,0
DA:198,0
DA:199,0
DA:200,0
DA:201,0
DA:204,0
DA:207,0
DA:211,0
DA:222,0
DA:224,0
DA:226,0
DA:229,0
DA:231,0
DA:232,0
DA:234,0
DA:235,0
DA:236,0
DA:237,0
DA:239,0
DA:240,0
DA:243,0
DA:244,0
DA:251,0
DA:253,0
DA:254,0
DA:256,0
DA:257,0
DA:269,1
DA:270,0
DA:271,0
DA:291,0
DA:293,0
DA:294,0
DA:295,0
DA:296,0
DA:297,0
DA:298,0
DA:301,0
DA:303,0
DA:304,0
DA:305,0
DA:306,0
DA:307,0
DA:310,0
DA:311,0
DA:312,0
DA:316,0
DA:317,0
DA:318,0
DA:319,0
DA:320,0
DA:321,0
DA:325,0
DA:326,0
DA:327,0
DA:328,0
DA:329,0
DA:334,0
DA:339,0
DA:340,0
DA:341,0
DA:342,0
DA:344,0
DA:345,0
DA:346,0
DA:347,0
DA:348,0
DA:352,0
DA:353,0
DA:354,0
DA:355,0
DA:356,0
DA:357,0
DA:358,0
DA:362,0
DA:363,0
DA:364,0
DA:365,0
DA:372,0
DA:373,0
DA:375,0
DA:378,0
DA:379,0
DA:380,0
DA:381,0
DA:382,0
DA:383,0
DA:384,0
DA:385,0
DA:387,0
DA:389,0
DA:392,0
DA:395,0
DA:396,0
DA:400,0
DA:403,0
DA:404,0
DA:405,0
DA:406,0
DA:411,0
DA:414,0
DA:415,0
DA:416,0
DA:418,0
DA:419,0
DA:420,0
DA:422,0
DA:424,0
DA:425,0
DA:426,0
DA:427,0
DA:429,0
DA:433,0
DA:435,0
DA:438,0
DA:445,0
DA:448,0
DA:453,0
DA:454,0
DA:456,0
DA:457,0
DA:460,0
DA:464,0
DA:466,0
DA:467,0
DA:468,0
DA:470,0
DA:471,0
DA:472,0
DA:473,0
DA:474,0
DA:479,0
DA:480,0
DA:481,0
DA:482,0
DA:484,0
DA:485,0
DA:486,0
DA:487,0
DA:489,0
DA:491,0
DA:502,0
DA:503,0
DA:504,0
DA:505,0
DA:506,0
DA:507,0
DA:508,0
DA:509,0
DA:510,0
DA:511,0
DA:512,0
DA:513,0
DA:514,0
DA:515,0
DA:517,0
DA:518,0
DA:519,0
DA:520,0
DA:528,0
DA:530,0
DA:533,0
DA:534,0
DA:535,0
DA:536,0
DA:538,0
DA:539,0
DA:540,0
DA:542,0
DA:545,0
DA:546,0
DA:547,0
DA:549,0
DA:550,0
DA:551,0
DA:554,0
DA:555,0
DA:556,0
DA:559,0
DA:560,0
DA:563,0
DA:564,0
DA:568,0
DA:570,0
DA:571,0
DA:572,0
DA:573,0
DA:577,0
DA:578,0
DA:579,0
DA:580,0
DA:582,0
DA:583,0
DA:584,0
DA:585,0
DA:587,0
DA:589,0
DA:599,0
DA:600,0
DA:601,0
DA:603,0
DA:604,0
DA:605,0
DA:606,0
DA:607,0
DA:608,0
DA:609,0
DA:610,0
DA:611,0
DA:612,0
DA:613,0
DA:617,0
DA:618,0
DA:619,0
DA:620,0
DA:626,0
DA:627,0
DA:628,0
DA:630,0
DA:631,0
DA:632,0
DA:636,0
DA:637,0
DA:641,0
DA:642,0
DA:643,0
DA:644,0
DA:648,0
DA:649,0
DA:652,0
DA:653,0
DA:654,0
DA:655,0
DA:661,0
DA:663,0
DA:668,0
DA:669,0
DA:670,0
DA:671,0
DA:673,0
DA:676,0
DA:677,0
DA:678,0
DA:690,0
DA:693,0
DA:694,0
DA:696,0
DA:697,0
DA:698,0
DA:699,0
DA:702,0
DA:703,0
DA:704,0
DA:706,0
DA:707,0
DA:708,0
DA:714,0
DA:719,0
DA:721,0
DA:722,0
DA:724,0
DA:725,0
DA:727,0
DA:728,0
DA:729,0
DA:730,0
DA:733,0
DA:735,0
DA:736,0
DA:737,0
DA:738,0
DA:739,0
DA:740,0
DA:744,0
DA:745,0
DA:752,0
DA:753,0
DA:756,0
DA:757,0
DA:759,0
DA:762,0
DA:763,0
DA:764,0
DA:765,0
DA:766,0
DA:767,0
DA:768,0
DA:771,0
DA:772,0
DA:773,0
DA:774,0
DA:775,0
DA:778,0
DA:779,0
DA:780,0
DA:791,0
DA:793,0
DA:794,0
DA:795,0
DA:796,0
DA:800,0
DA:801,0
DA:803,0
DA:804,0
DA:806,0
DA:808,0
DA:810,0
DA:811,0
DA:812,0
DA:820,0
DA:821,0
DA:824,0
DA:826,0
DA:827,0
DA:828,0
DA:829,0
DA:830,0
DA:831,0
DA:832,0
DA:834,0
DA:836,0
DA:841,0
DA:843,0
DA:844,0
DA:847,0
DA:848,0
DA:850,0
DA:851,0
DA:852,0
DA:853,0
DA:856,0
DA:858,0
DA:859,0
DA:862,0
DA:865,0
DA:874,0
DA:875,0
DA:888,0
DA:889,0
DA:891,0
DA:892,0
DA:894,0
DA:896,0
DA:897,0
DA:900,0
DA:906,0
DA:907,0
DA:909,0
DA:911,0
DA:913,0
DA:914,0
DA:921,0
DA:922,0
DA:924,0
DA:925,0
DA:926,0
DA:932,0
DA:933,0
DA:938,0
DA:939,0
DA:940,0
DA:941,0
DA:942,0
DA:944,0
DA:946,0
DA:953,0
DA:954,0
DA:955,0
DA:956,0
DA:958,0
DA:959,0
DA:961,0
DA:980,0
DA:981,0
DA:983,0
DA:984,0
DA:985,0
DA:987,0
DA:988,0
DA:990,0
DA:992,0
DA:1001,0
DA:1002,0
DA:1004,0
DA:1005,0
DA:1006,0
DA:1015,0
DA:1016,0
DA:1018,0
DA:1019,0
DA:1020,0
DA:1022,0
DA:1023,0
DA:1024,0
DA:1026,0
DA:1027,0
DA:1038,0
DA:1040,0
DA:1042,0
DA:1045,0
DA:1046,0
DA:1047,0
DA:1048,0
DA:1049,0
DA:1050,0
DA:1051,0
DA:1053,0
DA:1055,0
DA:1057,0
DA:1059,0
DA:1063,0
DA:1065,0
DA:1067,0
DA:1068,0
DA:1069,0
DA:1070,0
DA:1073,0
DA:1074,0
DA:1075,0
DA:1076,0
DA:1077,0
DA:1078,0
DA:1079,0
DA:1080,0
DA:1082,0
DA:1083,0
DA:1084,0
DA:1090,0
DA:1092,0
DA:1094,0
DA:1095,0
DA:1097,0
DA:1100,0
DA:1104,0
DA:1106,0
DA:1112,0
LF:518
LH:14
end_of_record
SF:lib\screens\settings_screen.dart
DA:10,1
DA:11,0
DA:12,0
DA:19,0
DA:20,0
DA:22,0
DA:23,0
DA:24,0
DA:29,0
DA:30,0
DA:31,0
DA:35,0
DA:39,0
DA:40,0
DA:42,0
DA:44,0
DA:47,0
DA:49,0
DA:50,0
DA:51,0
DA:52,0
DA:59,0
DA:60,0
DA:61,0
DA:64,0
DA:65,0
DA:71,0
DA:72,0
DA:73,0
DA:74,0
DA:75,0
DA:76,0
DA:84,0
DA:85,0
DA:86,0
DA:90,0
DA:94,0
DA:95,0
DA:96,0
DA:97,0
DA:98,0
DA:101,0
DA:107,0
DA:108,0
DA:109,0
DA:112,0
DA:113,0
DA:115,0
DA:116,0
DA:117,0
DA:127,0
DA:135,0
DA:136,0
DA:137,0
DA:138,0
DA:140,0
DA:141,0
DA:142,0
DA:146,0
DA:147,0
DA:148,0
DA:153,0
DA:154,0
DA:155,0
DA:158,0
DA:159,0
DA:161,0
DA:162,0
DA:164,0
DA:166,0
DA:175,0
DA:177,0
DA:179,0
DA:180,0
DA:181,0
DA:183,0
DA:186,0
DA:187,0
DA:190,0
DA:191,0
DA:193,0
DA:196,0
DA:203,0
DA:204,0
DA:205,0
DA:210,0
DA:211,0
DA:214,0
DA:215,0
DA:217,0
DA:219,0
DA:222,0
DA:225,0
DA:226,0
DA:228,0
DA:230,0
DA:233,0
DA:236,0
DA:237,0
DA:239,0
DA:241,0
DA:244,0
DA:247,0
DA:248,0
DA:250,0
DA:252,0
DA:255,0
DA:258,0
DA:259,0
DA:260,0
DA:261,0
DA:262,0
DA:265,0
DA:266,0
DA:270,0
DA:274,0
DA:276,0
DA:280,0
DA:284,0
DA:286,0
DA:287,0
DA:289,0
DA:291,0
DA:292,0
DA:307,0
DA:310,0
DA:311,0
DA:317,0
DA:328,0
DA:330,0
DA:332,0
DA:333,0
DA:334,0
DA:336,0
DA:338,0
DA:340,0
DA:341,0
DA:343,0
DA:354,0
DA:355,0
DA:365,0
DA:368,0
DA:369,0
DA:370,0
DA:371,0
DA:372,0
DA:373,0
DA:377,0
DA:380,0
DA:381,0
DA:382,0
DA:383,0
DA:384,0
DA:385,0
DA:389,0
DA:392,0
DA:393,0
DA:394,0
DA:395,0
DA:398,0
DA:399,0
DA:401,0
DA:402,0
DA:403,0
DA:404,0
DA:405,0
DA:406,0
DA:407,0
DA:417,0
DA:420,0
DA:421,0
DA:438,0
DA:441,0
DA:442,0
DA:444,0
DA:445,0
DA:447,0
DA:448,0
DA:449,0
DA:450,0
DA:452,0
DA:456,0
DA:457,0
DA:458,0
DA:463,0
DA:464,0
DA:467,0
DA:479,1
DA:485,0
DA:487,0
DA:488,0
DA:489,0
DA:491,0
DA:493,0
DA:495,0
DA:496,0
DA:497,0
DA:498,0
DA:499,0
DA:502,0
DA:503,0
DA:506,0
DA:509,0
DA:511,0
DA:512,0
DA:516,0
DA:520,0
DA:522,0
DA:523,0
DA:524,0
DA:525,0
DA:532,0
DA:537,0
DA:539,0
DA:544,0
DA:547,0
DA:549,0
DA:550,0
DA:553,0
DA:556,0
DA:561,0
DA:564,0
DA:566,0
DA:567,0
DA:570,0
DA:573,0
DA:578,0
DA:580,0
DA:582,0
DA:583,0
DA:584,0
DA:587,0
DA:590,0
DA:598,0
DA:599,0
DA:603,0
DA:606,0
DA:619,0
DA:621,0
DA:623,0
DA:624,0
DA:625,0
DA:626,0
DA:627,0
DA:628,0
DA:630,0
DA:632,0
DA:633,0
DA:634,0
DA:636,0
DA:637,0
DA:645,0
DA:646,0
DA:647,0
DA:649,0
DA:661,0
DA:662,0
DA:663,0
DA:665,0
DA:666,0
DA:667,0
DA:668,0
DA:669,0
DA:670,0
DA:671,0
DA:674,0
DA:675,0
DA:682,0
DA:684,0
DA:685,0
DA:686,0
DA:688,0
DA:690,0
DA:695,0
DA:696,0
DA:701,0
DA:703,0
LF:277
LH:2
end_of_record
SF:lib\screens\notification_panel.dart
DA:14,0
DA:15,0
DA:16,0
DA:18,0
DA:23,1
DA:25,0
DA:27,0
DA:28,0
DA:29,0
DA:30,0
DA:32,0
DA:34,0
DA:36,0
DA:37,0
DA:38,0
DA:39,0
DA:44,0
DA:46,0
DA:48,0
DA:49,0
DA:54,0
DA:57,0
DA:58,0
DA:59,0
DA:60,0
DA:64,0
DA:65,0
DA:70,0
DA:72,0
DA:75,0
DA:76,0
DA:82,0
DA:83,0
DA:86,0
DA:87,0
DA:91,0
DA:97,0
DA:98,0
DA:108,0
DA:109,0
DA:112,0
DA:119,0
DA:120,0
DA:121,0
DA:123,0
DA:124,0
DA:127,0
DA:128,0
DA:129,0
DA:133,0
DA:134,0
DA:135,0
DA:136,0
DA:137,0
DA:146,0
DA:148,0
DA:150,0
DA:151,0
DA:152,0
DA:153,0
DA:155,0
DA:157,0
DA:158,0
DA:160,0
DA:163,0
DA:164,0
DA:165,0
DA:166,0
DA:168,0
DA:169,0
DA:172,0
DA:177,0
DA:180,0
DA:182,0
DA:183,0
DA:185,0
DA:190,0
DA:192,0
DA:194,0
DA:196,0
DA:201,0
DA:204,0
DA:206,0
DA:207,0
DA:209,0
DA:214,0
DA:221,0
DA:222,0
DA:226,0
DA:228,0
DA:229,0
DA:230,0
DA:231,0
DA:233,0
DA:234,0
DA:237,0
DA:241,0
DA:245,0
DA:246,0
DA:247,0
DA:249,0
DA:250,0
DA:252,0
DA:256,0
DA:260,0
DA:269,0
DA:271,0
DA:272,0
DA:273,0
DA:275,0
DA:277,0
DA:283,0
DA:285,0
DA:287,0
DA:288,0
DA:289,0
DA:290,0
DA:292,0
DA:294,0
DA:295,0
DA:296,0
DA:297,0
DA:298,0
DA:309,0
DA:311,0
DA:312,0
DA:313,0
DA:315,0
DA:316,0
DA:317,0
DA:320,0
DA:328,0
DA:330,0
DA:332,0
DA:333,0
DA:334,0
DA:335,0
DA:337,0
DA:340,0
DA:341,0
DA:342,0
DA:344,0
DA:345,0
DA:346,0
DA:347,0
DA:349,0
DA:350,0
DA:351,0
DA:354,0
DA:356,0
DA:358,0
DA:360,0
DA:362,0
DA:369,0
DA:370,0
DA:371,0
DA:372,0
DA:376,0
DA:379,0
DA:395,0
DA:397,0
DA:399,0
DA:400,0
DA:401,0
DA:403,0
DA:405,0
DA:406,0
DA:407,0
DA:411,0
DA:412,0
DA:424,0
DA:430,0
DA:432,0
DA:433,0
DA:436,0
DA:438,0
DA:439,0
DA:441,0
DA:442,0
DA:444,0
DA:445,0
DA:446,0
DA:448,0
DA:451,0
DA:452,0
DA:453,0
DA:455,0
DA:465,1
DA:466,0
DA:487,1
DA:488,0
DA:489,0
DA:491,0
DA:492,0
DA:495,0
DA:496,0
DA:498,0
DA:499,0
DA:508,0
DA:510,0
DA:511,0
DA:512,0
DA:513,0
DA:514,0
DA:515,0
DA:518,0
DA:520,0
DA:521,0
DA:524,0
DA:526,0
DA:527,0
DA:529,0
DA:530,0
DA:532,0
DA:533,0
DA:534,0
DA:536,0
DA:539,0
DA:540,0
DA:541,0
DA:542,0
DA:543,0
DA:544,0
DA:546,0
DA:548,0
DA:553,0
DA:564,0
DA:565,0
DA:567,0
DA:568,0
LF:230
LH:3
end_of_record
SF:lib\screens\water_screen.dart
DA:8,1
DA:10,0
DA:11,0
DA:19,0
DA:21,0
DA:22,0
DA:26,0
DA:27,0
DA:31,0
DA:33,0
DA:34,0
DA:37,0
DA:38,0
DA:39,0
DA:40,0
DA:41,0
DA:42,0
DA:43,0
DA:44,0
DA:48,0
DA:53,0
DA:55,0
DA:56,0
DA:57,0
DA:58,0
DA:60,0
DA:61,0
DA:62,0
DA:63,0
DA:65,0
DA:67,0
DA:68,0
DA:69,0
DA:70,0
DA:71,0
DA:73,0
DA:74,0
DA:77,0
DA:80,0
DA:81,0
DA:89,0
DA:91,0
DA:92,0
DA:97,0
DA:98,0
DA:105,0
DA:107,0
DA:108,0
DA:129,0
DA:130,0
DA:131,0
DA:132,0
DA:137,0
DA:138,0
DA:139,0
DA:140,0
DA:147,0
DA:149,0
DA:150,0
DA:151,0
DA:152,0
DA:153,0
DA:154,0
DA:158,0
DA:162,0
DA:163,0
DA:167,0
DA:171,0
DA:172,0
DA:176,0
DA:182,0
DA:184,0
DA:185,0
DA:186,0
DA:187,0
DA:196,0
DA:197,0
DA:198,0
DA:213,0
DA:215,0
DA:217,0
DA:218,0
DA:219,0
DA:224,0
DA:225,0
DA:227,0
DA:228,0
DA:240,0
DA:242,0
DA:243,0
DA:257,0
DA:264,0
DA:266,0
DA:267,0
DA:268,0
DA:270,0
DA:271,0
DA:272,0
DA:273,0
DA:275,0
DA:276,0
DA:277,0
DA:278,0
DA:279,0
DA:280,0
DA:286,0
DA:287,0
DA:288,0
DA:289,0
LF:109
LH:1
end_of_record
SF:lib\screens\supplements_screen.dart
DA:8,1
DA:10,0
DA:12,0
DA:14,0
DA:16,0
DA:18,0
DA:22,0
DA:30,0
DA:31,0
DA:34,0
DA:37,0
DA:38,0
DA:39,0
DA:44,0
DA:52,0
DA:55,0
DA:56,0
DA:57,0
DA:62,0
DA:70,0
DA:73,0
DA:74,0
DA:75,0
DA:81,0
DA:85,0
DA:89,0
DA:91,0
DA:92,0
DA:105,0
DA:107,0
DA:109,0
DA:116,0
DA:118,0
DA:119,0
DA:120,0
DA:121,0
DA:122,0
DA:124,0
DA:125,0
DA:126,0
DA:127,0
DA:128,0
DA:131,0
DA:132,0
DA:133,0
DA:136,0
DA:138,0
DA:139,0
DA:140,0
DA:142,0
DA:143,0
DA:144,0
DA:147,0
DA:148,0
DA:149,0
DA:157,0
DA:158,0
DA:160,0
DA:161,0
DA:165,0
DA:166,0
DA:167,0
DA:168,0
DA:169,0
DA:170,0
DA:192,0
DA:206,0
DA:208,0
DA:211,0
DA:212,0
DA:213,0
DA:214,0
DA:215,0
DA:216,0
DA:219,0
DA:221,0
DA:222,0
DA:223,0
DA:224,0
DA:226,0
DA:227,0
DA:229,0
DA:230,0
DA:231,0
DA:232,0
DA:236,0
DA:237,0
DA:240,0
DA:241,0
DA:246,0
DA:248,0
DA:249,0
DA:250,0
DA:251,0
DA:253,0
DA:254,0
DA:260,0
DA:262,0
DA:264,0
DA:266,0
DA:267,0
DA:268,0
DA:270,0
DA:272,0
DA:274,0
DA:275,0
DA:276,0
DA:292,0
DA:294,0
DA:296,0
DA:297,0
DA:298,0
DA:300,0
DA:309,0
DA:311,0
DA:313,0
DA:314,0
DA:315,0
DA:316,0
DA:318,0
DA:319,0
DA:322,0
DA:323,0
DA:325,0
DA:329,0
DA:331,0
DA:345,0
DA:355,0
DA:357,0
DA:358,0
DA:359,0
DA:360,0
DA:362,0
DA:364,0
DA:369,0
DA:371,0
DA:372,0
LF:137
LH:1
end_of_record
